This is pdfTeX, Version 3.141592653-2.6-1.40.26 (TeX Live 2024) (preloaded format=pdflatex 2024.12.20)  8 JUN 2025 13:03
entering extended mode
 restricted \write18 enabled.
 %&-line parsing enabled.
**\input ./Rd2.tex
(./Rd2.tex
(/usr/local/texlive/2024/texmf-dist/tex/latex/base/book.cls
Document Class: book 2023/05/17 v1.4n Standard LaTeX document class
(/usr/local/texlive/2024/texmf-dist/tex/latex/base/bk10.clo
File: bk10.clo 2023/05/17 v1.4n Standard LaTeX file (size option)
)
\c@part=\count188
\c@chapter=\count189
\c@section=\count190
\c@subsection=\count191
\c@subsubsection=\count192
\c@paragraph=\count193
\c@subparagraph=\count194
\c@figure=\count195
\c@table=\count196
\abovecaptionskip=\skip48
\belowcaptionskip=\skip49
\bibindent=\dimen140
)
(/Library/Frameworks/R.framework/Resources/share/texmf/tex/latex/Rd.sty
Package: Rd 

(/usr/local/texlive/2024/texmf-dist/tex/latex/base/ifthen.sty
Package: ifthen 2022/04/13 v1.1d Standard LaTeX ifthen package (DPC)
)
(/usr/local/texlive/2024/texmf-dist/tex/generic/iftex/iftex.sty
Package: iftex 2022/02/03 v1.0f TeX engine tests
)
(/usr/local/texlive/2024/texmf-dist/tex/latex/tools/longtable.sty
Package: longtable 2023-11-01 v4.19 Multi-page Table package (DPC)
\LTleft=\skip50
\LTright=\skip51
\LTpre=\skip52
\LTpost=\skip53
\LTchunksize=\count197
\LTcapwidth=\dimen141
\LT@head=\box51
\LT@firsthead=\box52
\LT@foot=\box53
\LT@lastfoot=\box54
\LT@gbox=\box55
\LT@cols=\count198
\LT@rows=\count199
\c@LT@tables=\count266
\c@LT@chunks=\count267
\LT@p@ftn=\toks17
)
(/usr/local/texlive/2024/texmf-dist/tex/latex/tools/bm.sty
Package: bm 2023/07/08 v1.2f Bold Symbol Support (DPC/FMi)
\symboldoperators=\mathgroup4
\symboldletters=\mathgroup5
\symboldsymbols=\mathgroup6
Package bm Info: No bold for \OMX/cmex/m/n, using \pmb.
LaTeX Font Info:    Redeclaring math alphabet \mathbf on input line 149.
)
(/usr/local/texlive/2024/texmf-dist/tex/latex/base/alltt.sty
Package: alltt 2021/01/29 v2.0g defines alltt environment
)
(/usr/local/texlive/2024/texmf-dist/tex/latex/tools/verbatim.sty
Package: verbatim 2023-11-06 v1.5v LaTeX2e package for verbatim enhancements
\every@verbatim=\toks18
\verbatim@line=\toks19
\verbatim@in@stream=\read2
)
(/usr/local/texlive/2024/texmf-dist/tex/latex/url/url.sty
\Urlmuskip=\muskip16
Package: url 2013/09/16  ver 3.4  Verb mode for urls, etc.
)
(/usr/local/texlive/2024/texmf-dist/tex/latex/base/textcomp.sty
Package: textcomp 2020/02/02 v2.0n Standard LaTeX package
)
(/usr/local/texlive/2024/texmf-dist/tex/latex/amsmath/amsmath.sty
Package: amsmath 2023/05/13 v2.17o AMS math features
\@mathmargin=\skip54

For additional information on amsmath, use the `?' option.
(/usr/local/texlive/2024/texmf-dist/tex/latex/amsmath/amstext.sty
Package: amstext 2021/08/26 v2.01 AMS text

(/usr/local/texlive/2024/texmf-dist/tex/latex/amsmath/amsgen.sty
File: amsgen.sty 1999/11/30 v2.0 generic functions
\@emptytoks=\toks20
\ex@=\dimen142
))
(/usr/local/texlive/2024/texmf-dist/tex/latex/amsmath/amsbsy.sty
Package: amsbsy 1999/11/29 v1.2d Bold Symbols
LaTeX Info: Redefining \boldsymbol on input line 28.
\pmbraise@=\dimen143
)
(/usr/local/texlive/2024/texmf-dist/tex/latex/amsmath/amsopn.sty
Package: amsopn 2022/04/08 v2.04 operator names
)
\inf@bad=\count268
LaTeX Info: Redefining \frac on input line 234.
\uproot@=\count269
\leftroot@=\count270
LaTeX Info: Redefining \overline on input line 399.
LaTeX Info: Redefining \colon on input line 410.
\classnum@=\count271
\DOTSCASE@=\count272
LaTeX Info: Redefining \ldots on input line 496.
LaTeX Info: Redefining \dots on input line 499.
LaTeX Info: Redefining \cdots on input line 620.
\Mathstrutbox@=\box56
\strutbox@=\box57
LaTeX Info: Redefining \big on input line 722.
LaTeX Info: Redefining \Big on input line 723.
LaTeX Info: Redefining \bigg on input line 724.
LaTeX Info: Redefining \Bigg on input line 725.
\big@size=\dimen144
LaTeX Font Info:    Redeclaring font encoding OML on input line 743.
LaTeX Font Info:    Redeclaring font encoding OMS on input line 744.
\macc@depth=\count273
LaTeX Info: Redefining \bmod on input line 905.
LaTeX Info: Redefining \pmod on input line 910.
LaTeX Info: Redefining \smash on input line 940.
LaTeX Info: Redefining \relbar on input line 970.
LaTeX Info: Redefining \Relbar on input line 971.
\c@MaxMatrixCols=\count274
\dotsspace@=\muskip17
\c@parentequation=\count275
\dspbrk@lvl=\count276
\tag@help=\toks21
\row@=\count277
\column@=\count278
\maxfields@=\count279
\andhelp@=\toks22
\eqnshift@=\dimen145
\alignsep@=\dimen146
\tagshift@=\dimen147
\tagwidth@=\dimen148
\totwidth@=\dimen149
\lineht@=\dimen150
\@envbody=\toks23
\multlinegap=\skip55
\multlinetaggap=\skip56
\mathdisplay@stack=\toks24
LaTeX Info: Redefining \[ on input line 2953.
LaTeX Info: Redefining \] on input line 2954.
)
(/usr/local/texlive/2024/texmf-dist/tex/latex/amsfonts/amsfonts.sty
Package: amsfonts 2013/01/14 v3.01 Basic AMSFonts support
\symAMSa=\mathgroup7
\symAMSb=\mathgroup8
LaTeX Font Info:    Redeclaring math symbol \hbar on input line 98.
LaTeX Font Info:    Overwriting math alphabet `\mathfrak' in version `bold'
(Font)                  U/euf/m/n --> U/euf/b/n on input line 106.
)
(/usr/local/texlive/2024/texmf-dist/tex/latex/amsfonts/amssymb.sty
Package: amssymb 2013/01/14 v3.01 AMS font symbols
)
(/usr/local/texlive/2024/texmf-dist/tex/latex/jknapltx/mathrsfs.sty
Package: mathrsfs 1996/01/01 Math RSFS package v1.0 (jk)
\symrsfs=\mathgroup9
)
\ldescriptionwidth=\skip57

(/usr/local/texlive/2024/texmf-dist/tex/latex/base/fontenc.sty
Package: fontenc 2021/04/29 v2.0v Standard LaTeX package
)
(/usr/local/texlive/2024/texmf-dist/tex/latex/psnfss/times.sty
Package: times 2020/03/25 PSNFSS-v9.3 (SPQR) 
)
(/usr/local/texlive/2024/texmf-dist/tex/latex/inconsolata/zi4.sty
Package: zi4 2019/05/17 v1.12

`inconsolata-zi4' v1.12, 2019/05/17 Text macros for Inconsolata (msharpe)
(/usr/local/texlive/2024/texmf-dist/tex/latex/xkeyval/xkeyval.sty
Package: xkeyval 2022/06/16 v2.9 package option processing (HA)

(/usr/local/texlive/2024/texmf-dist/tex/generic/xkeyval/xkeyval.tex
(/usr/local/texlive/2024/texmf-dist/tex/generic/xkeyval/xkvutils.tex
\XKV@toks=\toks25
\XKV@tempa@toks=\toks26

(/usr/local/texlive/2024/texmf-dist/tex/generic/xkeyval/keyval.tex))
\XKV@depth=\count280
File: xkeyval.tex 2014/12/03 v2.7a key=value parser (HA)
))
\zifour@ocount=\count281
)
(/usr/local/texlive/2024/texmf-dist/tex/latex/graphics/color.sty
Package: color 2022/01/06 v1.3d Standard LaTeX Color (DPC)

(/usr/local/texlive/2024/texmf-dist/tex/latex/graphics-cfg/color.cfg
File: color.cfg 2016/01/02 v1.6 sample color configuration
)
Package color Info: Driver file: pdftex.def on input line 149.

(/usr/local/texlive/2024/texmf-dist/tex/latex/graphics-def/pdftex.def
File: pdftex.def 2022/09/22 v1.2b Graphics/color driver for pdftex
)
(/usr/local/texlive/2024/texmf-dist/tex/latex/graphics/mathcolor.ltx))
(/usr/local/texlive/2024/texmf-dist/tex/latex/hyperref/hyperref.sty
Package: hyperref 2024-01-20 v7.01h Hypertext links for LaTeX

(/usr/local/texlive/2024/texmf-dist/tex/latex/kvsetkeys/kvsetkeys.sty
Package: kvsetkeys 2022-10-05 v1.19 Key value parser (HO)
)
(/usr/local/texlive/2024/texmf-dist/tex/generic/kvdefinekeys/kvdefinekeys.sty
Package: kvdefinekeys 2019-12-19 v1.6 Define keys (HO)
)
(/usr/local/texlive/2024/texmf-dist/tex/generic/pdfescape/pdfescape.sty
Package: pdfescape 2019/12/09 v1.15 Implements pdfTeX's escape features (HO)

(/usr/local/texlive/2024/texmf-dist/tex/generic/ltxcmds/ltxcmds.sty
Package: ltxcmds 2023-12-04 v1.26 LaTeX kernel commands for general use (HO)
)
(/usr/local/texlive/2024/texmf-dist/tex/generic/pdftexcmds/pdftexcmds.sty
Package: pdftexcmds 2020-06-27 v0.33 Utility functions of pdfTeX for LuaTeX (HO
)

(/usr/local/texlive/2024/texmf-dist/tex/generic/infwarerr/infwarerr.sty
Package: infwarerr 2019/12/03 v1.5 Providing info/warning/error messages (HO)
)
Package pdftexcmds Info: \pdf@primitive is available.
Package pdftexcmds Info: \pdf@ifprimitive is available.
Package pdftexcmds Info: \pdfdraftmode found.
))
(/usr/local/texlive/2024/texmf-dist/tex/latex/hycolor/hycolor.sty
Package: hycolor 2020-01-27 v1.10 Color options for hyperref/bookmark (HO)
)
(/usr/local/texlive/2024/texmf-dist/tex/latex/auxhook/auxhook.sty
Package: auxhook 2019-12-17 v1.6 Hooks for auxiliary files (HO)
)
(/usr/local/texlive/2024/texmf-dist/tex/latex/hyperref/nameref.sty
Package: nameref 2023-11-26 v2.56 Cross-referencing by name of section

(/usr/local/texlive/2024/texmf-dist/tex/latex/refcount/refcount.sty
Package: refcount 2019/12/15 v3.6 Data extraction from label references (HO)
)
(/usr/local/texlive/2024/texmf-dist/tex/generic/gettitlestring/gettitlestring.s
ty
Package: gettitlestring 2019/12/15 v1.6 Cleanup title references (HO)
 (/usr/local/texlive/2024/texmf-dist/tex/latex/kvoptions/kvoptions.sty
Package: kvoptions 2022-06-15 v3.15 Key value format for package options (HO)
))
\c@section@level=\count282
)
(/usr/local/texlive/2024/texmf-dist/tex/latex/etoolbox/etoolbox.sty
Package: etoolbox 2020/10/05 v2.5k e-TeX tools for LaTeX (JAW)
\etb@tempcnta=\count283
)
\@linkdim=\dimen151
\Hy@linkcounter=\count284
\Hy@pagecounter=\count285

(/usr/local/texlive/2024/texmf-dist/tex/latex/hyperref/pd1enc.def
File: pd1enc.def 2024-01-20 v7.01h Hyperref: PDFDocEncoding definition (HO)
Now handling font encoding PD1 ...
... no UTF-8 mapping file for font encoding PD1
)
(/usr/local/texlive/2024/texmf-dist/tex/generic/intcalc/intcalc.sty
Package: intcalc 2019/12/15 v1.3 Expandable calculations with integers (HO)
)
\Hy@SavedSpaceFactor=\count286

(/usr/local/texlive/2024/texmf-dist/tex/latex/hyperref/puenc.def
File: puenc.def 2024-01-20 v7.01h Hyperref: PDF Unicode definition (HO)
Now handling font encoding PU ...
... no UTF-8 mapping file for font encoding PU
)
Package hyperref Info: Hyper figures OFF on input line 4179.
Package hyperref Info: Link nesting OFF on input line 4184.
Package hyperref Info: Hyper index ON on input line 4187.
Package hyperref Info: Plain pages OFF on input line 4194.
Package hyperref Info: Backreferencing OFF on input line 4199.
Package hyperref Info: Implicit mode ON; LaTeX internals redefined.
Package hyperref Info: Bookmarks ON on input line 4446.
\c@Hy@tempcnt=\count287
LaTeX Info: Redefining \url on input line 4784.
\XeTeXLinkMargin=\dimen152

(/usr/local/texlive/2024/texmf-dist/tex/generic/bitset/bitset.sty
Package: bitset 2019/12/09 v1.3 Handle bit-vector datatype (HO)

(/usr/local/texlive/2024/texmf-dist/tex/generic/bigintcalc/bigintcalc.sty
Package: bigintcalc 2019/12/15 v1.5 Expandable calculations on big integers (HO
)
))
\Fld@menulength=\count288
\Field@Width=\dimen153
\Fld@charsize=\dimen154
Package hyperref Info: Hyper figures OFF on input line 6063.
Package hyperref Info: Link nesting OFF on input line 6068.
Package hyperref Info: Hyper index ON on input line 6071.
Package hyperref Info: backreferencing OFF on input line 6078.
Package hyperref Info: Link coloring OFF on input line 6083.
Package hyperref Info: Link coloring with OCG OFF on input line 6088.
Package hyperref Info: PDF/A mode OFF on input line 6093.

(/usr/local/texlive/2024/texmf-dist/tex/latex/base/atbegshi-ltx.sty
Package: atbegshi-ltx 2021/01/10 v1.0c Emulation of the original atbegshi
package with kernel methods
)
\Hy@abspage=\count289
\c@Item=\count290
\c@Hfootnote=\count291
)
Package hyperref Info: Driver (autodetected): hpdftex.

(/usr/local/texlive/2024/texmf-dist/tex/latex/hyperref/hpdftex.def
File: hpdftex.def 2024-01-20 v7.01h Hyperref driver for pdfTeX

(/usr/local/texlive/2024/texmf-dist/tex/latex/base/atveryend-ltx.sty
Package: atveryend-ltx 2020/08/19 v1.0a Emulation of the original atveryend pac
kage
with kernel methods
)
\Fld@listcount=\count292
\c@bookmark@seq@number=\count293

(/usr/local/texlive/2024/texmf-dist/tex/latex/rerunfilecheck/rerunfilecheck.sty
Package: rerunfilecheck 2022-07-10 v1.10 Rerun checks for auxiliary files (HO)

(/usr/local/texlive/2024/texmf-dist/tex/generic/uniquecounter/uniquecounter.sty
Package: uniquecounter 2019/12/15 v1.4 Provide unlimited unique counter (HO)
)
Package uniquecounter Info: New unique counter `rerunfilecheck' on input line 2
85.
)
\Hy@SectionHShift=\skip58
)
Package hyperref Info: Option `colorlinks' set `true' on input line 413.
Package hyperref Info: Option `linktocpage' set `true' on input line 413.
Package hyperref Info: Option `plainpages' set `false' on input line 413.
) (/usr/local/texlive/2024/texmf-dist/tex/latex/base/makeidx.sty
Package: makeidx 2021/10/04 v1.0m Standard LaTeX package
)
\@indexfile=\write3
\openout3 = `Rd2.idx'.


Writing index file Rd2.idx
LaTeX Font Info:    Trying to load font information for T1+ptm on input line 8.

(/usr/local/texlive/2024/texmf-dist/tex/latex/psnfss/t1ptm.fd
File: t1ptm.fd 2001/06/04 font definitions for T1/ptm.
)
(/usr/local/texlive/2024/texmf-dist/tex/latex/l3backend/l3backend-pdftex.def
File: l3backend-pdftex.def 2024-02-20 L3 backend support: PDF output (pdfTeX)
\l__color_backend_stack_int=\count294
\l__pdf_internal_box=\box58
)
(/private/var/folders/q9/lkcn14l97mb6mkhbxsxrpr4w0000gn/T/Rtmp3JlDVe/Rd2pdf13ac
f1c397a80/Rd2.aux)
\openout1 = `Rd2.aux'.

LaTeX Font Info:    Checking defaults for OML/cmm/m/it on input line 8.
LaTeX Font Info:    ... okay on input line 8.
LaTeX Font Info:    Checking defaults for OMS/cmsy/m/n on input line 8.
LaTeX Font Info:    ... okay on input line 8.
LaTeX Font Info:    Checking defaults for OT1/cmr/m/n on input line 8.
LaTeX Font Info:    ... okay on input line 8.
LaTeX Font Info:    Checking defaults for T1/cmr/m/n on input line 8.
LaTeX Font Info:    ... okay on input line 8.
LaTeX Font Info:    Checking defaults for TS1/cmr/m/n on input line 8.
LaTeX Font Info:    ... okay on input line 8.
LaTeX Font Info:    Checking defaults for OMX/cmex/m/n on input line 8.
LaTeX Font Info:    ... okay on input line 8.
LaTeX Font Info:    Checking defaults for U/cmr/m/n on input line 8.
LaTeX Font Info:    ... okay on input line 8.
LaTeX Font Info:    Checking defaults for PD1/pdf/m/n on input line 8.
LaTeX Font Info:    ... okay on input line 8.
LaTeX Font Info:    Checking defaults for PU/pdf/m/n on input line 8.
LaTeX Font Info:    ... okay on input line 8.

(/usr/local/texlive/2024/texmf-dist/tex/context/base/mkii/supp-pdf.mkii
[Loading MPS to PDF converter (version 2006.09.02).]
\scratchcounter=\count295
\scratchdimen=\dimen155
\scratchbox=\box59
\nofMPsegments=\count296
\nofMParguments=\count297
\everyMPshowfont=\toks27
\MPscratchCnt=\count298
\MPscratchDim=\dimen156
\MPnumerator=\count299
\makeMPintoPDFobject=\count300
\everyMPtoPDFconversion=\toks28
)
Package hyperref Info: Link coloring ON on input line 8.

(/private/var/folders/q9/lkcn14l97mb6mkhbxsxrpr4w0000gn/T/Rtmp3JlDVe/Rd2pdf13ac
f1c397a80/Rd2.out)
(/private/var/folders/q9/lkcn14l97mb6mkhbxsxrpr4w0000gn/T/Rtmp3JlDVe/Rd2pdf13ac
f1c397a80/Rd2.out)
\@outlinefile=\write4
\openout4 = `Rd2.out'.

LaTeX Font Info:    Trying to load font information for T1+zi4 on input line 37
.

(/usr/local/texlive/2024/texmf-dist/tex/latex/inconsolata/t1zi4.fd
File: t1zi4.fd 2018/01/14 T1/zi4 (Inconsolata)
)
LaTeX Font Info:    Font shape `T1/zi4/m/n' will be
(Font)              scaled to size 10.0pt on input line 37.
LaTeX Font Info:    Trying to load font information for U+msa on input line 37.


(/usr/local/texlive/2024/texmf-dist/tex/latex/amsfonts/umsa.fd
File: umsa.fd 2013/01/14 v3.01 AMS symbols A
)
LaTeX Font Info:    Trying to load font information for U+msb on input line 37.


(/usr/local/texlive/2024/texmf-dist/tex/latex/amsfonts/umsb.fd
File: umsb.fd 2013/01/14 v3.01 AMS symbols B
)
LaTeX Font Info:    Trying to load font information for U+rsfs on input line 37
.

(/usr/local/texlive/2024/texmf-dist/tex/latex/jknapltx/ursfs.fd
File: ursfs.fd 1998/03/24 rsfs font definition file (jk)
)
(/private/var/folders/q9/lkcn14l97mb6mkhbxsxrpr4w0000gn/T/Rtmp3JlDVe/Rd2pdf13ac
f1c397a80/Rd2.toc [1


{/usr/local/texlive/2024/texmf-var/fonts/map/pdftex/updmap/pdftex.map}{/usr/loc
al/texlive/2024/texmf-dist/fonts/enc/dvips/base/8r.enc}{/usr/local/texlive/2024
/texmf-dist/fonts/enc/dvips/inconsolata/i4-t1-0.enc}]
[2] [3])
\tf@toc=\write5
\openout5 = `Rd2.toc'.


Overfull \hbox (39.86752pt too wide) in paragraph at lines 82--83
[]\T1/ptm/m/n/10 Character vec-tor of all ex-po-sure names (e.g. c("aaron_antag
onism", "aaron_disinhibition",
 []

[4]
Overfull \hbox (1.42029pt too wide) in paragraph at lines 109--109
 []  \T1/zi4/m/n/10 not_lost[t] = 1 if rowSums(!is.na(needed_exposures)) == len
gth(needed_exposures)[] 
 []

[5]
LaTeX Font Info:    Font shape `T1/zi4/m/n' will be
(Font)              scaled to size 9.0pt on input line 151.
 [6] [7] [8] [9]
LaTeX Font Info:    Trying to load font information for TS1+zi4 on input line 4
14.

(/usr/local/texlive/2024/texmf-dist/tex/latex/inconsolata/ts1zi4.fd
File: ts1zi4.fd 2018/01/14 TS1/zi4 (Inconsolata)
)
LaTeX Font Info:    Font shape `TS1/zi4/m/n' will be
(Font)              scaled to size 9.0pt on input line 414.
 [10{/usr/local/texlive/2024/texmf-dist/fonts/enc/dvips/inconsolata/i4-ts1.enc}
] [11]
Overfull \hbox (6.03642pt too wide) in paragraph at lines 501--503
[]\T1/ptm/m/n/10 `r life-cy-cle::badge("deprecated")` This func-tion is dep-re-
cated. Please use `mar-got_plot_categorical()`
 []

[12] [13]
Package textcomp Info: Symbol \textasciigrave not provided by
(textcomp)             font family zi4 in TS1 encoding.
(textcomp)             Default family used instead on input line 636.
LaTeX Font Info:    Trying to load font information for T1+cmtt on input line 6
36.
 (/usr/local/texlive/2024/texmf-dist/tex/latex/base/t1cmtt.fd
File: t1cmtt.fd 2023/04/13 v2.5m Standard LaTeX font definitions
)
LaTeX Font Info:    Trying to load font information for TS1+cmtt on input line 
636.

(/usr/local/texlive/2024/texmf-dist/tex/latex/base/ts1cmtt.fd
File: ts1cmtt.fd 2023/04/13 v2.5m Standard LaTeX font definitions
)
Package textcomp Info: Symbol \textasciigrave not provided by
(textcomp)             font family zi4 in TS1 encoding.
(textcomp)             Default family used instead on input line 636.
 [14{/usr/local/texlive/2024/texmf-dist/fonts/enc/dvips/cm-super/cm-super-ts1.e
nc}] [15]
[16]
Overfull \hbox (26.02667pt too wide) in paragraph at lines 760--763
\T1/ptm/m/n/10 Please use `com-pute_qini_curves_binary()` for bi-nary treat-men
ts and `com-pute_qini_curves_multi_arm()`
 []


Overfull \hbox (6.15941pt too wide) in paragraph at lines 788--790
[][][]\T1/zi4/m/n/10 compute_qini_curves_binary[][][] []\T1/ptm/m/n/10 for bi-n
ary treat-ments [][][]\T1/zi4/m/n/10 compute_qini_curves_multi_arm[][][] []\T1/
ptm/m/n/10 for multi-
 []

[17] [18] [19] [20] [21]
Package textcomp Info: Symbol \textasciigrave not provided by
(textcomp)             font family zi4 in TS1 encoding.
(textcomp)             Default family used instead on input line 1072.
Package textcomp Info: Symbol \textasciigrave not provided by
(textcomp)             font family zi4 in TS1 encoding.
(textcomp)             Default family used instead on input line 1072.
 [22] [23]
Overfull \hbox (3.09036pt too wide) in paragraph at lines 1153--1153
 []  \T1/zi4/m/n/10 order = c("alphabetical", "magnitude_desc", "magnitude_asc"
, "evaluebound_desc",[] 
 []


Overfull \hbox (3.09036pt too wide) in paragraph at lines 1161--1161
 []  \T1/zi4/m/n/10 order = c("alphabetical", "magnitude_desc", "magnitude_asc"
, "evaluebound_desc",[] 
 []

LaTeX Font Info:    Trying to load font information for TS1+ptm on input line 1
179.
(/usr/local/texlive/2024/texmf-dist/tex/latex/psnfss/ts1ptm.fd
File: ts1ptm.fd 2001/06/04 font definitions for TS1/ptm.
)
Overfull \hbox (3.7176pt too wide) in paragraph at lines 1180--1181
[]\T1/ptm/m/n/10 'magnitude_desc': sort by ab-so-lute ef-fect size, de-scend-in
g (de-fault for 'mag-
 []

[24] [25]
Package textcomp Info: Symbol \textasciigrave not provided by
(textcomp)             font family zi4 in TS1 encoding.
(textcomp)             Default family used instead on input line 1305.
Package textcomp Info: Symbol \textasciigrave not provided by
(textcomp)             font family zi4 in TS1 encoding.
(textcomp)             Default family used instead on input line 1305.
 [26] [27]
Package textcomp Info: Symbol \textasciigrave not provided by
(textcomp)             font family zi4 in TS1 encoding.
(textcomp)             Default family used instead on input line 1379.
Package textcomp Info: Symbol \textasciigrave not provided by
(textcomp)             font family zi4 in TS1 encoding.
(textcomp)             Default family used instead on input line 1379.
Package textcomp Info: Symbol \textasciigrave not provided by
(textcomp)             font family zi4 in TS1 encoding.
(textcomp)             Default family used instead on input line 1380.
Package textcomp Info: Symbol \textasciigrave not provided by
(textcomp)             font family zi4 in TS1 encoding.
(textcomp)             Default family used instead on input line 1380.
 [28]
Package textcomp Info: Symbol \textasciigrave not provided by
(textcomp)             font family zi4 in TS1 encoding.
(textcomp)             Default family used instead on input line 1426.
Package textcomp Info: Symbol \textasciigrave not provided by
(textcomp)             font family zi4 in TS1 encoding.
(textcomp)             Default family used instead on input line 1426.
 [29] [30] [31]
Package textcomp Info: Symbol \textasciigrave not provided by
(textcomp)             font family zi4 in TS1 encoding.
(textcomp)             Default family used instead on input line 1592.
Package textcomp Info: Symbol \textasciigrave not provided by
(textcomp)             font family zi4 in TS1 encoding.
(textcomp)             Default family used instead on input line 1592.

Overfull \hbox (14.70097pt too wide) in paragraph at lines 1592--1592
 []\T1/zi4/m/n/9 # Assuming \TS1/zi4/m/n/9 '\T1/zi4/m/n/9 tab_contrast_hours_ch
arity_z_null\TS1/zi4/m/n/9 ' \T1/zi4/m/n/9 is a data frame output from \TS1/cmt
t/m/n/9 `\T1/zi4/m/n/9 margot_lmtp_tab()\TS1/cmtt/m/n/9 `[] 
 []

[32] [33] [34] [35] [36]
Package textcomp Info: Symbol \textasciigrave not provided by
(textcomp)             font family zi4 in TS1 encoding.
(textcomp)             Default family used instead on input line 1852.
Package textcomp Info: Symbol \textasciigrave not provided by
(textcomp)             font family zi4 in TS1 encoding.
(textcomp)             Default family used instead on input line 1852.
Package textcomp Info: Symbol \textasciigrave not provided by
(textcomp)             font family zi4 in TS1 encoding.
(textcomp)             Default family used instead on input line 1852.
Package textcomp Info: Symbol \textasciigrave not provided by
(textcomp)             font family zi4 in TS1 encoding.
(textcomp)             Default family used instead on input line 1852.
 [37] [38] [39]

! LaTeX Error: Unicode character − (U+2212)
               not set up for use with LaTeX.

See the LaTeX manual or LaTeX Companion for explanation.
Type  H <return>  for immediate help.
 ...                                              
                                                  
l.2018 ...arallel workers (default = all cores −
                                                   1).
You may provide a definition with
\DeclareUnicodeCharacter 


Overfull \hbox (15.40674pt too wide) in paragraph at lines 2031--2038
\T1/ptm/m/n/10 e[]value ta-ble across out-comes * `out-come_vars` ^^U vec-tor o
f (suc-cess-ful) out-come names * `not_missing`
 []

[40] [41] [42] [43] [44] [45]
Overfull \hbox (23.46721pt too wide) in paragraph at lines 2375--2376
[]\T1/ptm/m/n/10 character. the name of the vari-able in-di-cat-ing re-la-tion-
ship dyad (de-fault: "rel_num_l"). 
 []

[46] [47] [48]
Overfull \hbox (22.29695pt too wide) in paragraph at lines 2559--2561
[]\T1/ptm/m/n/10 Helper to map a vec-tor of vari-able names to human-readable l
a-bels. Falls back on `trans-form_var_name()`
 []

[49] [50]
Overfull \hbox (17.37793pt too wide) in paragraph at lines 2665--2667
[]\T1/ptm/m/n/10 list re-turned by `mar-got_causal_forest()` **with** `save_mod
els = TRUE, save_data
 []

[51]
Overfull \hbox (14.96619pt too wide) in paragraph at lines 2689--2693
[]\T1/ptm/m/n/10 helper that as-sem-bles a con-cise markdown[]style in-ter-pre-
ta-tion of the re-sults. when `in-clude_adjust_note
 []


Overfull \hbox (3.09036pt too wide) in paragraph at lines 2700--2700
 []  \T1/zi4/m/n/10 order = c("alphabetical", "magnitude_desc", "magnitude_asc"
, "evaluebound_desc",[] 
 []

[52] [53] [54] [55]
Overfull \hbox (44.52681pt too wide) in paragraph at lines 2920--2932
\T1/ptm/m/n/10 not_excluded_autoc_model_names: AU-TOC mod-els not re-li-ably ne
g-a-tive * not_excluded_qini_model_names:
 []

[56] [57]
Package textcomp Info: Symbol \textasciigrave not provided by
(textcomp)             font family zi4 in TS1 encoding.
(textcomp)             Default family used instead on input line 2993.
Package textcomp Info: Symbol \textasciigrave not provided by
(textcomp)             font family zi4 in TS1 encoding.
(textcomp)             Default family used instead on input line 2993.
 [58]
Overfull \hbox (17.24101pt too wide) in paragraph at lines 3082--3082
 []\T1/zi4/m/n/9 # Assume we have a dataset \TS1/zi4/m/n/9 '\T1/zi4/m/n/9 my_da
ta\TS1/zi4/m/n/9 ' \T1/zi4/m/n/9 with variables \TS1/zi4/m/n/9 '\T1/zi4/m/n/9 o
utcome\TS1/zi4/m/n/9 '\T1/zi4/m/n/9 , \TS1/zi4/m/n/9 '\T1/zi4/m/n/9 treatment\T
S1/zi4/m/n/9 '\T1/zi4/m/n/9 , and some confounders[] 
 []

[59]
Package textcomp Info: Symbol \textasciigrave not provided by
(textcomp)             font family zi4 in TS1 encoding.
(textcomp)             Default family used instead on input line 3162.
Package textcomp Info: Symbol \textasciigrave not provided by
(textcomp)             font family zi4 in TS1 encoding.
(textcomp)             Default family used instead on input line 3162.
Package textcomp Info: Symbol \textasciigrave not provided by
(textcomp)             font family zi4 in TS1 encoding.
(textcomp)             Default family used instead on input line 3162.
Package textcomp Info: Symbol \textasciigrave not provided by
(textcomp)             font family zi4 in TS1 encoding.
(textcomp)             Default family used instead on input line 3162.
 [60] [61]
Overfull \hbox (22.94727pt too wide) in paragraph at lines 3228--3229
[]\T1/ptm/m/n/10 a char-ac-ter vec-tor of vari-able names or a tidys-e-lect hel
per (e.g., starts_with("hours_")). 
 []

[62]
Overfull \hbox (26.54834pt too wide) in paragraph at lines 3278--3279
[]\T1/ptm/m/n/10 A list of ad-di-tional op-tions to pass to []\T1/zi4/m/n/10 ta
ble1::table1()[]\T1/ptm/m/n/10 . For ex-am-ple, []\T1/zi4/m/n/10 list(overall
 []


Overfull \hbox (8.21004pt too wide) in paragraph at lines 3285--3286
[]\T1/ptm/m/n/10 For []\T1/zi4/m/n/10 format = "latex"[]\T1/ptm/m/n/10 , these 
are passed to []\T1/zi4/m/n/10 kableExtra::kable_styling()[]\T1/ptm/m/n/10 . 
 []

[63]
Overfull \hbox (55.08574pt too wide) in paragraph at lines 3342--3346
[]\T1/ptm/m/n/10 This func-tion cre-ates a sum-mary ta-ble from the out-put of 
var-i-ous causal mod-els, in-clud-ing `lmtp::lmtp_contrast()`,
 []

[64] [65]
Package textcomp Info: Symbol \textasciigrave not provided by
(textcomp)             font family zi4 in TS1 encoding.
(textcomp)             Default family used instead on input line 3469.
Package textcomp Info: Symbol \textasciigrave not provided by
(textcomp)             font family zi4 in TS1 encoding.
(textcomp)             Default family used instead on input line 3469.
Package textcomp Info: Symbol \textasciigrave not provided by
(textcomp)             font family zi4 in TS1 encoding.
(textcomp)             Default family used instead on input line 3469.
Package textcomp Info: Symbol \textasciigrave not provided by
(textcomp)             font family zi4 in TS1 encoding.
(textcomp)             Default family used instead on input line 3469.
 [66] [67]
Overfull \hbox (3.09036pt too wide) in paragraph at lines 3602--3602
 []  \T1/zi4/m/n/10 order = c("alphabetical", "magnitude_desc", "magnitude_asc"
, "evaluebound_desc",[] 
 []

Package textcomp Info: Symbol \textasciigrave not provided by
(textcomp)             font family zi4 in TS1 encoding.
(textcomp)             Default family used instead on input line 3622.
Package textcomp Info: Symbol \textasciigrave not provided by
(textcomp)             font family zi4 in TS1 encoding.
(textcomp)             Default family used instead on input line 3622.
Package textcomp Info: Symbol \textasciigrave not provided by
(textcomp)             font family zi4 in TS1 encoding.
(textcomp)             Default family used instead on input line 3622.
Package textcomp Info: Symbol \textasciigrave not provided by
(textcomp)             font family zi4 in TS1 encoding.
(textcomp)             Default family used instead on input line 3622.
[68] [69] [70] [71] [72]
Overfull \hbox (6.88702pt too wide) in paragraph at lines 3910--3911
[]\T1/ptm/m/n/10 logical, whether to in-clude times-tamp in plot ti-tle and fil
e-name (de-fault is FALSE). 
 []

[73] [74] [75]
Overfull \hbox (3.03722pt too wide) in paragraph at lines 4089--4090
[]\T1/ptm/m/n/10 Character string. The ti-tle for the plot. If NULL, uses the t
i-tle from base_defaults. 
 []

[76]
Overfull \hbox (21.75941pt too wide) in paragraph at lines 4141--4141
 []    \T1/zi4/m/n/9 "t2_trust_science_our_society_places_too_much_emphasis_rev
ersed_z" = "Science Overemphasis"[] 
 []

[77] [78] [79] [80]
Overfull \hbox (2.31645pt too wide) in paragraph at lines 4417--4419
[]\T1/ptm/m/n/10 `r life-cy-cle::badge("deprecated")` This func-tion is dep-re-
cated. Please use `mar-got_plot_histogram()`
 []

[81] [82] [83] [84] [85]
Overfull \hbox (0.72812pt too wide) in paragraph at lines 4697--4698
[]\T1/ptm/m/n/10 The num-ber of ran-dom in-di-vid-u-als to plot. If spec-i-fied
, over-rides `data_fraction`. 
 []

[86] [87]
Overfull \hbox (3.64764pt too wide) in paragraph at lines 4807--4808
[]\T1/ptm/m/n/10 A char-ac-ter string spec-i-fy-ing the con-trast to be used (e
.g. `"(5.0,7.0] - [1.0,3.0]"`). 
 []


Overfull \hbox (12.14774pt too wide) in paragraph at lines 4819--4820
[]\T1/ptm/m/n/10 Character string. The base name for the saved file. De-fault i
s "mar-got_plot_output". 
 []

[88] [89] [90]
Overfull \hbox (66.05681pt too wide) in paragraph at lines 4995--4999
\T1/ptm/m/n/10 the split point. * **Depth 2** ^^U the ex-ist-ing two-panel scat
ter-plot (hand-off to `mar-got_plot_policy_tree_depth2()`). 
 []

[91]
Overfull \hbox (75.09593pt too wide) in paragraph at lines 5007--5010
[]\T1/ptm/m/n/10 This func-tion cre-ates a gg-plot ob-ject dis-play-ing Qini cu
rves based on the re-sults of a mar-got_multi_arm_causal_forest()
 []

[92]
Overfull \hbox (8.26862pt too wide) in paragraph at lines 5061--5061
 []\T1/zi4/m/n/9 plot_qini_curves(mc.test, "model_t2_env_not_env_efficacy_z", l
abel_mapping = label_mapping)[] 
 []

[93] [94] [95] [96] [97] [98] [99] [100]
Underfull \vbox (badness 10000) has occurred while \output is active []

 [101]
[102] [103] [104] [105] [106] [107] [108] [109]
Overfull \hbox (3.09036pt too wide) in paragraph at lines 6049--6049
 []  \T1/zi4/m/n/10 output_objects = c("policy_tree", "decision_tree", "combine
d_plot", "qini_plot",[] 
 []


Overfull \hbox (0.44737pt too wide) in paragraph at lines 6083--6086
\T1/ptm/m/n/10 "de-ci-sion_tree", "com-bined_plot", "qini_plot", "diff_gain_sum
maries". De-fault:
 []

[110] [111] [112] [113]
Overfull \hbox (9.71718pt too wide) in paragraph at lines 6288--6289
[]\T1/ptm/m/n/10 A char-ac-ter vec-tor spec-i-fy-ing the names of the base-line
 co-vari-ates in df_propensity. 
 []

[114] [115] [116] [117] [118] [119] [120]
Overfull \hbox (6.10666pt too wide) in paragraph at lines 6653--6656
\T1/ptm/m/n/10 doesn't ex-ist, it will be cre-ated. The fi-nal file-name will b
e con-structed as: `pre-fix_base_filename.png`. 
 []

[121] [122] [123] [124] [125] [126]
Overfull \hbox (9.00735pt too wide) in paragraph at lines 6978--6979
[]\T1/ptm/m/n/10 A char-ac-ter string spec-i-fy-ing the name of the com-par-i-s
on Qini curve (e.g., "arm2"). 
 []

[127] [128]
Overfull \hbox (6.8499pt too wide) in paragraph at lines 7127--7130
[]\T1/ptm/m/n/10 an ob-ject of class []\T1/zi4/m/n/10 margot_transitions []\T1/
ptm/m/n/10 with []\T1/zi4/m/n/10 tables[]\T1/ptm/m/n/10 , []\T1/zi4/m/n/10 expl
anation[]\T1/ptm/m/n/10 , []\T1/zi4/m/n/10 wave_info[]\T1/ptm/m/n/10 , and a []
\T1/zi4/m/n/10 quarto_code
 []

[129] [130] [131] [132] [133] [134]
Package textcomp Info: Symbol \textasciigrave not provided by
(textcomp)             font family zi4 in TS1 encoding.
(textcomp)             Default family used instead on input line 7448.
Package textcomp Info: Symbol \textasciigrave not provided by
(textcomp)             font family zi4 in TS1 encoding.
(textcomp)             Default family used instead on input line 7448.

Overfull \hbox (54.75328pt too wide) in paragraph at lines 7453--7453
 []\T1/zi4/m/n/9 model <- regress_with_covariates(df_nz, outcome_var, exposure_
var, baseline_vars, family =  gaussian())[] 
 []

[135] [136]
Overfull \hbox (5.26248pt too wide) in paragraph at lines 7544--7544
 []\T1/zi4/m/n/9 final_columns <- select_and_rename_cols(names_base, baseline_v
ars, outcome_var, "t2", "t0")[] 
 []


Overfull \hbox (39.86752pt too wide) in paragraph at lines 7580--7581
[]\T1/ptm/m/n/10 Character vec-tor of all ex-po-sure names (e.g. c("aaron_antag
onism", "aaron_disinhibition",
 []

[137] [138]
Package textcomp Info: Symbol \textasciigrave not provided by
(textcomp)             font family zi4 in TS1 encoding.
(textcomp)             Default family used instead on input line 7653.
Package textcomp Info: Symbol \textasciigrave not provided by
(textcomp)             font family zi4 in TS1 encoding.
(textcomp)             Default family used instead on input line 7653.
 [139] [140]
Package textcomp Info: Symbol \textasciigrave not provided by
(textcomp)             font family zi4 in TS1 encoding.
(textcomp)             Default family used instead on input line 7771.
Package textcomp Info: Symbol \textasciigrave not provided by
(textcomp)             font family zi4 in TS1 encoding.
(textcomp)             Default family used instead on input line 7771.
Package textcomp Info: Symbol \textasciigrave not provided by
(textcomp)             font family zi4 in TS1 encoding.
(textcomp)             Default family used instead on input line 7772.
Package textcomp Info: Symbol \textasciigrave not provided by
(textcomp)             font family zi4 in TS1 encoding.
(textcomp)             Default family used instead on input line 7772.
Package textcomp Info: Symbol \textasciigrave not provided by
(textcomp)             font family zi4 in TS1 encoding.
(textcomp)             Default family used instead on input line 7772.
Package textcomp Info: Symbol \textasciigrave not provided by
(textcomp)             font family zi4 in TS1 encoding.
(textcomp)             Default family used instead on input line 7772.

Overfull \hbox (69.74715pt too wide) in paragraph at lines 7775--7775
 []\T1/zi4/m/n/9 long_df_transition <- tidyr::pivot_longer(df_transition, cols 
= -from, names_to = "to", values_to = "Freq")[] 
 []


Package hyperref Warning: Glyph not defined in PU encoding,
(hyperref)                removing `\Rpercent' on input line 7785.


Package hyperref Warning: Glyph not defined in PU encoding,
(hyperref)                removing `\Rpercent' on input line 7785.


(/private/var/folders/q9/lkcn14l97mb6mkhbxsxrpr4w0000gn/T/Rtmp3JlDVe/Rd2pdf13ac
f1c397a80/Rd2.ind [141]
Overfull \hbox (3.3567pt too wide) in paragraph at lines 26--28
[]| \T1/zi4/m/n/10 .strict_exposure_outcome_censoring\T1/ptm/m/n/10 , 
 []

[142

]
Overfull \hbox (3.3567pt too wide) in paragraph at lines 196--198
[]\T1/zi4/m/n/10 margot_process_longitudinal_data_wider\T1/ptm/m/n/10 , 
 []

[143] [144

])
(/private/var/folders/q9/lkcn14l97mb6mkhbxsxrpr4w0000gn/T/Rtmp3JlDVe/Rd2pdf13ac
f1c397a80/Rd2.aux)
 ***********
LaTeX2e <2023-11-01> patch level 1
L3 programming layer <2024-02-20>
 ***********
Package rerunfilecheck Info: File `Rd2.out' has not changed.
(rerunfilecheck)             Checksum: 9D51E172F7D58298D7F552894611CEAB;22183.
 ) 
Here is how much of TeX's memory you used:
 11653 strings out of 474116
 182187 string characters out of 5743681
 1945187 words of memory out of 5000000
 32869 multiletter control sequences out of 15000+600000
 593445 words of font info for 84 fonts, out of 8000000 for 9000
 1141 hyphenation exceptions out of 8191
 92i,6n,95p,517b,737s stack positions out of 10000i,1000n,20000p,200000b,200000s

pdfTeX warning (dest): name{Rfn.margot.Rul.tab.Rul.lmtp} has been referenced bu
t does not exist, replaced by a fixed one


pdfTeX warning (dest): name{Rfn.compute.Rul.qini.Rul.curves.Rul.multi.Rul.arm} 
has been referenced but does not exist, replaced by a fixed one

</usr/local/texlive/2024/texmf-dist/fonts/type1/public/inconsolata/Inconsolata-
zi4r.pfb></usr/local/texlive/2024/texmf-dist/fonts/type1/public/amsfonts/cm/cme
x10.pfb></usr/local/texlive/2024/texmf-dist/fonts/type1/public/amsfonts/cm/cmmi
10.pfb></usr/local/texlive/2024/texmf-dist/fonts/type1/public/amsfonts/cm/cmr10
.pfb></usr/local/texlive/2024/texmf-dist/fonts/type1/public/amsfonts/cm/cmr7.pf
b></usr/local/texlive/2024/texmf-dist/fonts/type1/public/amsfonts/cm/cmsy10.pfb
></usr/local/texlive/2024/texmf-dist/fonts/type1/public/amsfonts/cm/cmsy7.pfb><
/usr/local/texlive/2024/texmf-dist/fonts/type1/public/cm-super/sftt0900.pfb></u
sr/local/texlive/2024/texmf-dist/fonts/type1/public/cm-super/sftt1000.pfb></usr
/local/texlive/2024/texmf-dist/fonts/type1/urw/times/utmb8a.pfb></usr/local/tex
live/2024/texmf-dist/fonts/type1/urw/times/utmr8a.pfb></usr/local/texlive/2024/
texmf-dist/fonts/type1/urw/times/utmr8a.pfb></usr/local/texlive/2024/texmf-dist
/fonts/type1/urw/times/utmri8a.pfb>
Output written on Rd2.pdf (144 pages, 417404 bytes).
PDF statistics:
 2367 PDF objects out of 2487 (max. 8388607)
 2172 compressed objects within 22 object streams
 950 named destinations out of 1000 (max. 500000)
 969 words of extra memory for PDF output out of 10000 (max. 10000000)

