Hmm ... looks like a package
Converting parsed Rd's to LaTeX ............
Creating pdf output from LaTeX ...
This is pdfTeX, Version 3.141592653-2.6-1.40.26 (TeX Live 2024) (preloaded format=pdflatex)
 restricted \write18 enabled.
entering extended mode
(./Rd2.tex
LaTeX2e <2023-11-01> patch level 1
L3 programming layer <2024-02-20>

(/usr/local/texlive/2024/texmf-dist/tex/latex/base/book.cls
Document Class: book 2023/05/17 v1.4n Standard LaTeX document class
(/usr/local/texlive/2024/texmf-dist/tex/latex/base/bk10.clo))
(/Library/Frameworks/R.framework/Resources/share/texmf/tex/latex/Rd.sty
(/usr/local/texlive/2024/texmf-dist/tex/latex/base/ifthen.sty)
(/usr/local/texlive/2024/texmf-dist/tex/generic/iftex/iftex.sty)
(/usr/local/texlive/2024/texmf-dist/tex/latex/tools/longtable.sty)
(/usr/local/texlive/2024/texmf-dist/tex/latex/tools/bm.sty)
(/usr/local/texlive/2024/texmf-dist/tex/latex/base/alltt.sty)
(/usr/local/texlive/2024/texmf-dist/tex/latex/tools/verbatim.sty)
(/usr/local/texlive/2024/texmf-dist/tex/latex/url/url.sty)
(/usr/local/texlive/2024/texmf-dist/tex/latex/base/textcomp.sty)
(/usr/local/texlive/2024/texmf-dist/tex/latex/amsmath/amsmath.sty
For additional information on amsmath, use the `?' option.
(/usr/local/texlive/2024/texmf-dist/tex/latex/amsmath/amstext.sty
(/usr/local/texlive/2024/texmf-dist/tex/latex/amsmath/amsgen.sty))
(/usr/local/texlive/2024/texmf-dist/tex/latex/amsmath/amsbsy.sty)
(/usr/local/texlive/2024/texmf-dist/tex/latex/amsmath/amsopn.sty))
(/usr/local/texlive/2024/texmf-dist/tex/latex/amsfonts/amsfonts.sty)
(/usr/local/texlive/2024/texmf-dist/tex/latex/amsfonts/amssymb.sty)
(/usr/local/texlive/2024/texmf-dist/tex/latex/jknapltx/mathrsfs.sty)
(/usr/local/texlive/2024/texmf-dist/tex/latex/base/fontenc.sty)
(/usr/local/texlive/2024/texmf-dist/tex/latex/psnfss/times.sty)
(/usr/local/texlive/2024/texmf-dist/tex/latex/graphics/color.sty
(/usr/local/texlive/2024/texmf-dist/tex/latex/graphics-cfg/color.cfg)
(/usr/local/texlive/2024/texmf-dist/tex/latex/graphics-def/pdftex.def)
(/usr/local/texlive/2024/texmf-dist/tex/latex/graphics/mathcolor.ltx))
(/usr/local/texlive/2024/texmf-dist/tex/latex/hyperref/hyperref.sty
(/usr/local/texlive/2024/texmf-dist/tex/latex/graphics/keyval.sty)
(/usr/local/texlive/2024/texmf-dist/tex/latex/kvsetkeys/kvsetkeys.sty)
(/usr/local/texlive/2024/texmf-dist/tex/generic/kvdefinekeys/kvdefinekeys.sty)
(/usr/local/texlive/2024/texmf-dist/tex/generic/pdfescape/pdfescape.sty
(/usr/local/texlive/2024/texmf-dist/tex/generic/ltxcmds/ltxcmds.sty)
(/usr/local/texlive/2024/texmf-dist/tex/generic/pdftexcmds/pdftexcmds.sty
(/usr/local/texlive/2024/texmf-dist/tex/generic/infwarerr/infwarerr.sty)))
(/usr/local/texlive/2024/texmf-dist/tex/latex/hycolor/hycolor.sty)
(/usr/local/texlive/2024/texmf-dist/tex/latex/auxhook/auxhook.sty)
(/usr/local/texlive/2024/texmf-dist/tex/latex/hyperref/nameref.sty
(/usr/local/texlive/2024/texmf-dist/tex/latex/refcount/refcount.sty)
(/usr/local/texlive/2024/texmf-dist/tex/generic/gettitlestring/gettitlestring.s
ty (/usr/local/texlive/2024/texmf-dist/tex/latex/kvoptions/kvoptions.sty)))
(/usr/local/texlive/2024/texmf-dist/tex/latex/etoolbox/etoolbox.sty)
(/usr/local/texlive/2024/texmf-dist/tex/latex/hyperref/pd1enc.def)
(/usr/local/texlive/2024/texmf-dist/tex/generic/intcalc/intcalc.sty)
(/usr/local/texlive/2024/texmf-dist/tex/latex/hyperref/puenc.def)
(/usr/local/texlive/2024/texmf-dist/tex/generic/bitset/bitset.sty
(/usr/local/texlive/2024/texmf-dist/tex/generic/bigintcalc/bigintcalc.sty))
(/usr/local/texlive/2024/texmf-dist/tex/latex/base/atbegshi-ltx.sty))
(/usr/local/texlive/2024/texmf-dist/tex/latex/hyperref/hpdftex.def
(/usr/local/texlive/2024/texmf-dist/tex/latex/base/atveryend-ltx.sty)
(/usr/local/texlive/2024/texmf-dist/tex/latex/rerunfilecheck/rerunfilecheck.sty

(/usr/local/texlive/2024/texmf-dist/tex/generic/uniquecounter/uniquecounter.sty
)))) (/usr/local/texlive/2024/texmf-dist/tex/latex/psnfss/t1ptm.fd)
(/usr/local/texlive/2024/texmf-dist/tex/latex/l3backend/l3backend-pdftex.def)
No file Rd2.aux.
(/usr/local/texlive/2024/texmf-dist/tex/context/base/mkii/supp-pdf.mkii
[Loading MPS to PDF converter (version 2006.09.02).]
) (/usr/local/texlive/2024/texmf-dist/tex/latex/psnfss/t1pcr.fd)
(/usr/local/texlive/2024/texmf-dist/tex/latex/amsfonts/umsa.fd)
(/usr/local/texlive/2024/texmf-dist/tex/latex/amsfonts/umsb.fd)
(/usr/local/texlive/2024/texmf-dist/tex/latex/jknapltx/ursfs.fd)
No file Rd2.toc.
[1{/usr/local/texlive/2024/texmf-var/fonts/map/pdftex/updmap/pdftex.map}{/usr/l
ocal/texlive/2024/texmf-dist/fonts/enc/dvips/base/8r.enc}]
Overfull \hbox (39.86752pt too wide) in paragraph at lines 80--81
[]\T1/ptm/m/n/10 Character vec-tor of all ex-po-sure names (e.g. c("aaron_antag
onism", "aaron_disinhibition",
[2]
Overfull \hbox (96.78088pt too wide) in paragraph at lines 107--107
 []  \T1/pcr/m/n/10 not_lost[t] = 1 if rowSums(!is.na(needed_exposures)) == len
gth(needed_exposures)[] 

Overfull \hbox (112.38031pt too wide) in paragraph at lines 150--150
 []\T1/pcr/m/n/9 log_mean <- 1.098612 # true mean is 2. We add + 1 to the log t
o handle zero: log(2+1) = log(3) 
[3]
Overfull \hbox (58.38037pt too wide) in paragraph at lines 188--188
 []\T1/pcr/m/n/9 original_value <- back_transform_log_z(z_scores = 1.2, log_mea
n = 1.5, log_sd = 0.5)[] 

Overfull \hbox (90.78033pt too wide) in paragraph at lines 193--193
 []\T1/pcr/m/n/9 original_values <- back_transform_log_z(z_scores = z_scores, l
og_mean = 1.5, log_sd = 0.5)[] 
[4]
Overfull \hbox (69.18036pt too wide) in paragraph at lines 217--217
 []\T1/pcr/m/n/9 # Create a data frame to display the relationship between z-sc
ores and original values[] 

Overfull \hbox (69.18036pt too wide) in paragraph at lines 222--222
 []\T1/pcr/m/n/9 print(results_df) # Shows what values on the original scale co
rrespond to each z-score[] 
[5]
Overfull \hbox (4.38043pt too wide) in paragraph at lines 263--263
 []\T1/pcr/m/n/9 original_values <- back_transform_zscore(z = z_scores, mean = 
50, sd = 10)[] 
[6] [7] (/usr/local/texlive/2024/texmf-dist/tex/latex/psnfss/ts1pcr.fd)
Overfull \hbox (96.18033pt too wide) in paragraph at lines 412--412
 []\T1/pcr/m/n/9 # Assume that df is your dataset with variables \TS1/pcr/m/n/9
 '\T1/pcr/m/n/9 outcome\TS1/pcr/m/n/9 '\T1/pcr/m/n/9 , \TS1/pcr/m/n/9 '\T1/pcr/
m/n/9 treatment\TS1/pcr/m/n/9 '\T1/pcr/m/n/9 , \TS1/pcr/m/n/9 '\T1/pcr/m/n/9 ag
e\TS1/pcr/m/n/9 '\T1/pcr/m/n/9 , and \TS1/pcr/m/n/9 '\T1/pcr/m/n/9 gender\TS1/p
cr/m/n/9 ' 

Overfull \hbox (9.78043pt too wide) in paragraph at lines 413--413
 []\T1/pcr/m/n/9 result <- causal_contrast_marginal(df = df, Y = "outcome", X =
 "treatment",[] 

Overfull \hbox (15.18042pt too wide) in paragraph at lines 415--415
 []                                   \T1/pcr/m/n/9 treat_0 = "control", treat_
1 = "exposed",[] 

Overfull \hbox (25.98041pt too wide) in paragraph at lines 416--416
 []                                   \T1/pcr/m/n/9 estimand = "ATE", type = "R
D", nsims = 100,[] 

Overfull \hbox (90.78033pt too wide) in paragraph at lines 417--417
 []                                   \T1/pcr/m/n/9 cores = 2, family = "gaussi
an", weights = "weight_var",[] 
[8] [9]
Overfull \hbox (6.03642pt too wide) in paragraph at lines 499--501
[]\T1/ptm/m/n/10 `r life-cy-cle::badge("deprecated")` This func-tion is dep-re-
cated. Please use `mar-got_plot_categorical()`
[10] [11] (/usr/local/texlive/2024/texmf-dist/tex/latex/base/t1cmtt.fd)
(/usr/local/texlive/2024/texmf-dist/tex/latex/base/ts1cmtt.fd) [12{/usr/local/t
exlive/2024/texmf-dist/fonts/enc/dvips/cm-super/cm-super-ts1.enc}]
Overfull \hbox (52.98038pt too wide) in paragraph at lines 695--695
 []\T1/pcr/m/n/9 # Assuming df_nz is your dataframe and it includes a numeric v
ariable \TS1/pcr/m/n/9 '\T1/pcr/m/n/9 forgiveness\TS1/pcr/m/n/9 '[] 
[13] [14]
Overfull \hbox (26.02667pt too wide) in paragraph at lines 758--761
\T1/ptm/m/n/10 Please use `com-pute_qini_curves_binary()` for bi-nary treat-men
ts and `com-pute_qini_curves_multi_arm()`

Overfull \hbox (21.24992pt too wide) in paragraph at lines 786--788
[][][]\T1/pcr/m/n/10 compute_qini_curves_binary[][] []\T1/ptm/m/n/10 for bi-nar
y treat-ments [][][]\T1/pcr/m/n/10 compute_qini_curves_multi_arm[][]
[15] [16] [17]
Overfull \hbox (31.3804pt too wide) in paragraph at lines 914--914
 []\T1/pcr/m/n/9 transition_matrix <- create_transition_matrix(df, "religion_be
lieve_god", "id")[] 
[18] [19] [20]
Overfull \hbox (6.78088pt too wide) in paragraph at lines 1104--1104
 []\T1/pcr/m/n/10 extract_qini_data_binary(qini_obj, name, max_index, verbose =
 TRUE) 
[21]
Overfull \hbox (96.78088pt too wide) in paragraph at lines 1151--1151
 []  \T1/pcr/m/n/10 order = c("alphabetical", "magnitude_desc", "magnitude_asc"
, "evaluebound_desc",[] 

Overfull \hbox (96.78088pt too wide) in paragraph at lines 1159--1159
 []  \T1/pcr/m/n/10 order = c("alphabetical", "magnitude_desc", "magnitude_asc"
, "evaluebound_desc",[] 
(/usr/local/texlive/2024/texmf-dist/tex/latex/psnfss/ts1ptm.fd)
Overfull \hbox (3.7176pt too wide) in paragraph at lines 1178--1179
[]\T1/ptm/m/n/10 'magnitude_desc': sort by ab-so-lute ef-fect size, de-scend-in
g (de-fault for 'mag-
[22]
Overfull \hbox (74.58035pt too wide) in paragraph at lines 1248--1248
 []\T1/pcr/m/n/9 result_df <- group_tab(df = analysis_df, order = \TS1/pcr/m/n/
9 '\T1/pcr/m/n/9 custom\TS1/pcr/m/n/9 '\T1/pcr/m/n/9 , custom_order = custom_or
der)[] 
[23]
Overfull \hbox (74.58035pt too wide) in paragraph at lines 1264--1264
 []\T1/pcr/m/n/9 result_df <- group_tab(df = analysis_df, order = \TS1/pcr/m/n/
9 '\T1/pcr/m/n/9 custom\TS1/pcr/m/n/9 '\T1/pcr/m/n/9 , custom_order = custom_or
der)[] 

Overfull \hbox (31.3804pt too wide) in paragraph at lines 1304--1304
 []\T1/pcr/m/n/9 # and you have previously saved an RDS file named "my_df.rds" 
in that directory[] 
[24] [25]
Overfull \hbox (57.02808pt too wide) in paragraph at lines 1378--1378
 []\T1/pcr/m/n/9 # and you have previously saved a \TS1/cmtt/m/n/9 `\T1/pcr/m/n
/9 .qs\TS1/cmtt/m/n/9 ` \T1/pcr/m/n/9 file named "my_dataset.qs" in that direct
ory[] 

Overfull \hbox (15.18042pt too wide) in paragraph at lines 1382--1382
 []\T1/pcr/m/n/9 my_df <- here_read_qs("my_dataset", dir_path = "~/custom_dir",
 nthreads = 4)[] 

Overfull \hbox (12.78088pt too wide) in paragraph at lines 1395--1395
 []\T1/pcr/m/n/10 here_save(df, name, dir_path = NULL, compress = TRUE, quiet =
 FALSE) 
[26] [27] [28]
Overfull \hbox (72.78088pt too wide) in paragraph at lines 1522--1522
 []  \T1/pcr/m/n/10 exclude_vars = c("t0_sample_frame", "id", "t0_sample_origin
_names_combined")[] 
[29]
Overfull \hbox (111.02802pt too wide) in paragraph at lines 1590--1590
 []\T1/pcr/m/n/9 # Assuming \TS1/pcr/m/n/9 '\T1/pcr/m/n/9 tab_contrast_hours_ch
arity_z_null\TS1/pcr/m/n/9 ' \T1/pcr/m/n/9 is a data frame output from \TS1/cmt
t/m/n/9 `\T1/pcr/m/n/9 margot_lmtp_tab()\TS1/cmtt/m/n/9 `[] 
[30]
Overfull \hbox (15.18042pt too wide) in paragraph at lines 1673--1673
 []\T1/pcr/m/n/9 amelia_output <- amelia(x = africa, m = 5, idvars = "country")
 # impute data[] 
[31] [32] [33] [34]
Overfull \hbox (63.77576pt too wide) in paragraph at lines 1850--1850
 []  \T1/pcr/m/n/10 col_renames = list(\TS1/cmtt/m/n/10 `\T1/pcr/m/n/10 E-Value
\TS1/cmtt/m/n/10 ` \T1/pcr/m/n/10 = "E_Value", \TS1/cmtt/m/n/10 `\T1/pcr/m/n/10
 E-Value bound\TS1/cmtt/m/n/10 ` \T1/pcr/m/n/10 = "E_Val_bound"),[] 

Overfull \hbox (72.78088pt too wide) in paragraph at lines 1853--1853
 []  \T1/pcr/m/n/10 kbl_args = list(booktabs = TRUE, caption = "Combined Result
s", align = NULL)[] 
[35] [36] [37]

! LaTeX Error: Unicode character − (U+2212)
               not set up for use with LaTeX.

See the LaTeX manual or LaTeX Companion for explanation.
Type  H <return>  for immediate help.
 ...                                              
                                                  
l.2016 ...arallel workers (default = all cores −
                                                   1).

Overfull \hbox (15.40674pt too wide) in paragraph at lines 2029--2036
\T1/ptm/m/n/10 e[]value ta-ble across out-comes * `out-come_vars` ^^U vec-tor o
f (suc-cess-ful) out-come names * `not_missing`
[38] [39] [40]
Overfull \hbox (4.89738pt too wide) in paragraph at lines 2194--2195
[]\T1/ptm/m/n/10 A char-ac-ter string spec-i-fy-ing the col-umn in-di-cat-ing t
he wave. De-fault is []\T1/pcr/m/n/10 "wave"[]\T1/ptm/m/n/10 . 
[41] [42] [43]
Overfull \hbox (23.46721pt too wide) in paragraph at lines 2373--2374
[]\T1/ptm/m/n/10 character. the name of the vari-able in-di-cat-ing re-la-tion-
ship dyad (de-fault: "rel_num_l"). 
[44] [45] [46]
Overfull \hbox (22.29695pt too wide) in paragraph at lines 2557--2559
[]\T1/ptm/m/n/10 Helper to map a vec-tor of vari-able names to human-readable l
a-bels. Falls back on `trans-form_var_name()`
[47] [48] [49]
Overfull \hbox (17.37793pt too wide) in paragraph at lines 2663--2665
[]\T1/ptm/m/n/10 list re-turned by `mar-got_causal_forest()` **with** `save_mod
els = TRUE, save_data

Overfull \hbox (14.96619pt too wide) in paragraph at lines 2687--2691
[]\T1/ptm/m/n/10 helper that as-sem-bles a con-cise markdown[]style in-ter-pre-
ta-tion of the re-sults. when `in-clude_adjust_note

Overfull \hbox (96.78088pt too wide) in paragraph at lines 2698--2698
 []  \T1/pcr/m/n/10 order = c("alphabetical", "magnitude_desc", "magnitude_asc"
, "evaluebound_desc",[] 
[50] [51] [52] [53]
Overfull \hbox (44.52681pt too wide) in paragraph at lines 2918--2930
\T1/ptm/m/n/10 not_excluded_autoc_model_names: AU-TOC mod-els not re-li-ably ne
g-a-tive * not_excluded_qini_model_names:
[54] [55]
Overfull \hbox (25.98041pt too wide) in paragraph at lines 2992--2992
 []\T1/pcr/m/n/9 result <- margot_interpret_table(group_tab_output, "causal_dif
ference", "ATE")[] 
[56]
Overfull \hbox (123.1803pt too wide) in paragraph at lines 3080--3080
 []\T1/pcr/m/n/9 # Assume we have a dataset \TS1/pcr/m/n/9 '\T1/pcr/m/n/9 my_da
ta\TS1/pcr/m/n/9 ' \T1/pcr/m/n/9 with variables \TS1/pcr/m/n/9 '\T1/pcr/m/n/9 o
utcome\TS1/pcr/m/n/9 '\T1/pcr/m/n/9 , \TS1/pcr/m/n/9 '\T1/pcr/m/n/9 treatment\T
S1/pcr/m/n/9 '\T1/pcr/m/n/9 , and some confounders[] 
[57] [58]
Overfull \hbox (0.78088pt too wide) in paragraph at lines 3183--3183
 []\T1/pcr/m/n/10 margot_lmtp_tab(lmtp_output, scale = c("RD", "RR"), new_name 
= "") 
[59]
Overfull \hbox (22.94727pt too wide) in paragraph at lines 3226--3227
[]\T1/ptm/m/n/10 a char-ac-ter vec-tor of vari-able names or a tidys-e-lect hel
per (e.g., starts_with("hours_")). 
[60]
Overfull \hbox (49.21004pt too wide) in paragraph at lines 3283--3284
[]\T1/ptm/m/n/10 For []\T1/pcr/m/n/10 format = "latex"[]\T1/ptm/m/n/10 , these 
are passed to []\T1/pcr/m/n/10 kableExtra::kable_styling()[]\T1/ptm/m/n/10 . 
[61]
Overfull \hbox (55.08574pt too wide) in paragraph at lines 3340--3344
[]\T1/ptm/m/n/10 This func-tion cre-ates a sum-mary ta-ble from the out-put of 
var-i-ous causal mod-els, in-clud-ing `lmtp::lmtp_contrast()`,
[62] [63]
Overfull \hbox (39.4758pt too wide) in paragraph at lines 3467--3467
 []\T1/pcr/m/n/9 # Assuming \TS1/cmtt/m/n/9 `\T1/pcr/m/n/9 contrast_hours_chari
ty_z_null\TS1/cmtt/m/n/9 ` \T1/pcr/m/n/9 is output from \TS1/cmtt/m/n/9 `\T1/pc
r/m/n/9 lmtp::lmtp_contrast()\TS1/cmtt/m/n/9 `[] 
[64] [65]
Overfull \hbox (96.78088pt too wide) in paragraph at lines 3600--3600
 []  \T1/pcr/m/n/10 order = c("alphabetical", "magnitude_desc", "magnitude_asc"
, "evaluebound_desc",[] 
[66]
Overfull \hbox (63.77576pt too wide) in paragraph at lines 3620--3620
 []  \T1/pcr/m/n/10 col_renames = list(\TS1/cmtt/m/n/10 `\T1/pcr/m/n/10 E-Value
\TS1/cmtt/m/n/10 ` \T1/pcr/m/n/10 = "E_Value", \TS1/cmtt/m/n/10 `\T1/pcr/m/n/10
 E-Value bound\TS1/cmtt/m/n/10 ` \T1/pcr/m/n/10 = "E_Val_bound"),[] 
[67] [68] [69] [70] [71]
Overfull \hbox (6.88702pt too wide) in paragraph at lines 3908--3909
[]\T1/ptm/m/n/10 logical, whether to in-clude times-tamp in plot ti-tle and fil
e-name (de-fault is FALSE). 
[72] [73] [74]
Overfull \hbox (3.03722pt too wide) in paragraph at lines 4087--4088
[]\T1/ptm/m/n/10 Character string. The ti-tle for the plot. If NULL, uses the t
i-tle from base_defaults. 
[75]
Overfull \hbox (117.7803pt too wide) in paragraph at lines 4139--4139
 []    \T1/pcr/m/n/9 "t2_trust_science_our_society_places_too_much_emphasis_rev
ersed_z" = "Science Overemphasis"[] 
[76] [77] [78] [79]
Overfull \hbox (36.78088pt too wide) in paragraph at lines 4392--4392
 []\T1/pcr/m/n/10 margot_plot_exposure(data, name_exposure, exposure_waves, bas
eline_wave) 

Overfull \hbox (2.31645pt too wide) in paragraph at lines 4415--4417
[]\T1/ptm/m/n/10 `r life-cy-cle::badge("deprecated")` This func-tion is dep-re-
cated. Please use `mar-got_plot_histogram()`
[80] [81]
Overfull \hbox (20.58041pt too wide) in paragraph at lines 4512--4512
 []\T1/pcr/m/n/9 coloured_histogram_quantiles(df, "value", custom_breaks = c(-2
, -1, 0, 1, 2))[] 
[82] [83] [84] [85]
Overfull \hbox (0.72812pt too wide) in paragraph at lines 4695--4696
[]\T1/ptm/m/n/10 The num-ber of ran-dom in-di-vid-u-als to plot. If spec-i-fied
, over-rides `data_fraction`. 
[86] [87]
Overfull \hbox (3.64764pt too wide) in paragraph at lines 4805--4806
[]\T1/ptm/m/n/10 A char-ac-ter string spec-i-fy-ing the con-trast to be used (e
.g. `"(5.0,7.0] - [1.0,3.0]"`). 

Overfull \hbox (12.14774pt too wide) in paragraph at lines 4817--4818
[]\T1/ptm/m/n/10 Character string. The base name for the saved file. De-fault i
s "mar-got_plot_output". 
[88] [89]
Overfull \hbox (30.78088pt too wide) in paragraph at lines 4950--4950
 []  \T1/pcr/m/n/10 label_options = list(remove_tx_prefix = TRUE, remove_z_suff
ix = TRUE,[] 
[90]
Overfull \hbox (66.05681pt too wide) in paragraph at lines 4993--4997
\T1/ptm/m/n/10 the split point. * **Depth 2** ^^U the ex-ist-ing two-panel scat
ter-plot (hand-off to `mar-got_plot_policy_tree_depth2()`). 

Overfull \hbox (75.09593pt too wide) in paragraph at lines 5005--5008
[]\T1/ptm/m/n/10 This func-tion cre-ates a gg-plot ob-ject dis-play-ing Qini cu
rves based on the re-sults of a mar-got_multi_arm_causal_forest()
[91]
Overfull \hbox (96.18033pt too wide) in paragraph at lines 5059--5059
 []\T1/pcr/m/n/9 plot_qini_curves(mc.test, "model_t2_env_not_env_efficacy_z", l
abel_mapping = label_mapping)[] 
[92] [93] [94] [95] [96]
Overfull \hbox (52.98038pt too wide) in paragraph at lines 5314--5314
 []  \T1/pcr/m/n/9 x_label = paste("NZAVS years",  min(prepared_data$df_timelin
e$day, na.rm = TRUE),[] 
[97] [98] [99] [100]
Overfull \hbox (9.78043pt too wide) in paragraph at lines 5549--5549
 []  \T1/pcr/m/n/9 color_palette = c("#1f77b4", "#ff7f0e", "#2ca02c", "#d62728"
, "#9467bd"),[] 
[101] [102] [103]
Overfull \hbox (90.78033pt too wide) in paragraph at lines 5726--5726
 []\T1/pcr/m/n/9 label_mapping <- list("var1" = "Variable 1", "var2" = "Variabl
e 2", "var3" = "Variable 3")[] 
[104] [105]
Overfull \hbox (90.78033pt too wide) in paragraph at lines 5837--5837
 []\T1/pcr/m/n/9 label_mapping <- list("var1" = "Variable 1", "var2" = "Variabl
e 2", "var3" = "Variable 3")[] 
[106] [107] [108] [109]
Overfull \hbox (96.78088pt too wide) in paragraph at lines 6047--6047
 []  \T1/pcr/m/n/10 output_objects = c("policy_tree", "decision_tree", "combine
d_plot", "qini_plot",[] 

Overfull \hbox (2.40797pt too wide) in paragraph at lines 6073--6074
[]\T1/ptm/m/n/10 Numeric vec-tor of spend lev-els for difference-gain sum-marie
s. De-fault: []\T1/pcr/m/n/10 c(0.2,

Overfull \hbox (0.44737pt too wide) in paragraph at lines 6081--6084
\T1/ptm/m/n/10 "de-ci-sion_tree", "com-bined_plot", "qini_plot", "diff_gain_sum
maries". De-fault:
[110]
Overfull \hbox (78.78088pt too wide) in paragraph at lines 6102--6102
 []\T1/pcr/m/n/10 margot_process_binary_vars(data, exceptions = character(0), s
uffix = "_binary") 
[111] [112] [113]
Overfull \hbox (9.71718pt too wide) in paragraph at lines 6286--6287
[]\T1/ptm/m/n/10 A char-ac-ter vec-tor spec-i-fy-ing the names of the base-line
 co-vari-ates in df_propensity. 
[114] [115] [116] [117] [118]
Overfull \hbox (9.78043pt too wide) in paragraph at lines 6585--6585
 []\T1/pcr/m/n/9 label_mapping_all <- mark_reversed_labels(label_mapping_all, f
lip_outcomes)[] 
[119]
Overfull \hbox (6.10666pt too wide) in paragraph at lines 6651--6654
\T1/ptm/m/n/10 doesn't ex-ist, it will be cre-ated. The fi-nal file-name will b
e con-structed as: `pre-fix_base_filename.png`. 
[120]
Overfull \hbox (4.38043pt too wide) in paragraph at lines 6686--6686
 []\T1/pcr/m/n/9 margot_save_png(plot_result, prefix = "study1", base_filename 
= "scatter")[] 

Overfull \hbox (4.38043pt too wide) in paragraph at lines 6690--6690
 []\T1/pcr/m/n/9 margot_save_png(plot_result, prefix = "study1", base_filename 
= "scatter")[] 

Overfull \hbox (20.58041pt too wide) in paragraph at lines 6693--6693
 []\T1/pcr/m/n/9 plot_list <- list(plot = ggplot(mtcars, aes(x = mpg, y = wt)) 
+ geom_point())[] 
[121] [122] [123] [124]
Overfull \hbox (47.58038pt too wide) in paragraph at lines 6935--6935
 []\T1/pcr/m/n/9 complex_condition <- X[, "t0_political_conservative_z"] > 1 & 
X[, "t0_age_z"] > -2[] 
[125]
Overfull \hbox (42.18039pt too wide) in paragraph at lines 6939--6939
 []  \T1/pcr/m/n/9 subset_description = "Conservative (>1 SD) and not very youn
g (>-2 SD in age)",[] 

Overfull \hbox (9.00735pt too wide) in paragraph at lines 6976--6977
[]\T1/ptm/m/n/10 A char-ac-ter string spec-i-fy-ing the name of the com-par-i-s
on Qini curve (e.g., "arm2"). 
[126]
Overfull \hbox (20.58041pt too wide) in paragraph at lines 7003--7003
 []\T1/pcr/m/n/9 glue::glue("The difference in gains is {result$diff_gain}. {re
sult$summary}")[] 
[127] [128] [129]
Overfull \hbox (63.78036pt too wide) in paragraph at lines 7186--7186
 []\T1/pcr/m/n/9 w_up95 <- margot_trim_sample_weights(w, lower_quantile = NULL,
 upper_quantile = 0.95)[] 

Overfull \hbox (63.78036pt too wide) in paragraph at lines 7190--7190
 []\T1/pcr/m/n/9 w_low5 <- margot_trim_sample_weights(w, lower_quantile = 0.05,
 upper_quantile = NULL)[] 

Overfull \hbox (58.38037pt too wide) in paragraph at lines 7194--7194
 []\T1/pcr/m/n/9 w_std <- margot_trim_sample_weights(w, lower_quantile = NULL, 
upper_quantile = NULL)[] 

Overfull \hbox (66.78088pt too wide) in paragraph at lines 7208--7208
 []\T1/pcr/m/n/10 margot_wide_impute_baseline(.data, baseline_vars, exposure_va
r, outcome_vars) 
[130] [131] [132]
Overfull \hbox (63.78036pt too wide) in paragraph at lines 7363--7363
 []\T1/pcr/m/n/9 prepared_data <- prepare_panel_data(dat, wave_col = "Wave", ts
core_col = "TimeScore",[] 

Overfull \hbox (74.58035pt too wide) in paragraph at lines 7364--7364
 []                                    \T1/pcr/m/n/9 id_col = "ParticipantID", 
base_date = "2010-01-01",[] 
[133] [134]
Overfull \hbox (3.10735pt too wide) in paragraph at lines 7431--7432
[]\T1/ptm/m/n/10 A fam-ily ob-ject or a char-ac-ter string nam-ing the fam-ily 
(de-fault is []\T1/pcr/m/n/10 gaussian()[]\T1/ptm/m/n/10 ,

Overfull \hbox (57.02808pt too wide) in paragraph at lines 7446--7446
 []\T1/pcr/m/n/9 # using \TS1/cmtt/m/n/9 `\T1/pcr/m/n/9 df_nz\TS1/cmtt/m/n/9 ` 
\T1/pcr/m/n/9 is your data frame with "income" as the continuous outcome variab
le,[] 

Overfull \hbox (160.98026pt too wide) in paragraph at lines 7451--7451
 []\T1/pcr/m/n/9 model <- regress_with_covariates(df_nz, outcome_var, exposure_
var, baseline_vars, family =  gaussian())[] 
[135] [136]
Overfull \hbox (96.18033pt too wide) in paragraph at lines 7542--7542
 []\T1/pcr/m/n/9 final_columns <- select_and_rename_cols(names_base, baseline_v
ars, outcome_var, "t2", "t0")[] 

Overfull \hbox (39.86752pt too wide) in paragraph at lines 7578--7579
[]\T1/ptm/m/n/10 Character vec-tor of all ex-po-sure names (e.g. c("aaron_antag
onism", "aaron_disinhibition",
[137] [138]
Overfull \hbox (58.38037pt too wide) in paragraph at lines 7656--7656
 []                                         \T1/pcr/m/n/9 type = "RD")  # Corre
cted \TS1/pcr/m/n/9 '\T1/pcr/m/n/9 scale\TS1/pcr/m/n/9 ' \T1/pcr/m/n/9 to \TS1/
pcr/m/n/9 '\T1/pcr/m/n/9 type\TS1/pcr/m/n/9 '[] 
[139] [140]
Overfull \hbox (31.3804pt too wide) in paragraph at lines 7768--7768
 []\T1/pcr/m/n/9 transition_matrix <- create_transition_matrix(df, "religion_be
lieve_god", "id")[] 

Overfull \hbox (51.62808pt too wide) in paragraph at lines 7769--7769
 []\T1/pcr/m/n/9 # Assuming \TS1/cmtt/m/n/9 `\T1/pcr/m/n/9 transition_matrix\TS
1/cmtt/m/n/9 ` \T1/pcr/m/n/9 is a table with the transition counts between stat
es[] 

Overfull \hbox (50.27579pt too wide) in paragraph at lines 7770--7770
 []\T1/pcr/m/n/9 # First, convert \TS1/cmtt/m/n/9 `\T1/pcr/m/n/9 transition_mat
rix\TS1/cmtt/m/n/9 ` \T1/pcr/m/n/9 to a dataframe suitable for \TS1/cmtt/m/n/9 
`\T1/pcr/m/n/9 transition_table\TS1/cmtt/m/n/9 `[] 

Overfull \hbox (182.58023pt too wide) in paragraph at lines 7773--7773
 []\T1/pcr/m/n/9 long_df_transition <- tidyr::pivot_longer(df_transition, cols 
= -from, names_to = "to", values_to = "Freq")[] 

Package hyperref Warning: Glyph not defined in PU encoding,
(hyperref)                removing `\Rpercent' on input line 7783.


Package hyperref Warning: Glyph not defined in PU encoding,
(hyperref)                removing `\Rpercent' on input line 7783.

[141] (./Rd2.aux)

Package rerunfilecheck Warning: File `Rd2.out' has changed.
(rerunfilecheck)                Rerun to get outlines right
(rerunfilecheck)                or use package `bookmark'.

 )
(see the transcript file for additional information)
pdfTeX warning (dest): name{Rfn.margot.Rul.tab.Rul.lmtp} has been referenced bu
t does not exist, replaced by a fixed one


pdfTeX warning (dest): name{Rfn.compute.Rul.qini.Rul.curves.Rul.multi.Rul.arm} 
has been referenced but does not exist, replaced by a fixed one

</usr/local/texlive/2024/texmf-dist/fonts/type1/public/amsfonts/cm/cmex10.pfb><
/usr/local/texlive/2024/texmf-dist/fonts/type1/public/amsfonts/cm/cmmi10.pfb></
usr/local/texlive/2024/texmf-dist/fonts/type1/public/amsfonts/cm/cmr10.pfb></us
r/local/texlive/2024/texmf-dist/fonts/type1/public/amsfonts/cm/cmr7.pfb></usr/l
ocal/texlive/2024/texmf-dist/fonts/type1/public/amsfonts/cm/cmsy10.pfb></usr/lo
cal/texlive/2024/texmf-dist/fonts/type1/public/amsfonts/cm/cmsy7.pfb></usr/loca
l/texlive/2024/texmf-dist/fonts/type1/public/cm-super/sftt0900.pfb></usr/local/
texlive/2024/texmf-dist/fonts/type1/public/cm-super/sftt1000.pfb></usr/local/te
xlive/2024/texmf-dist/fonts/type1/urw/courier/ucrr8a.pfb></usr/local/texlive/20
24/texmf-dist/fonts/type1/urw/times/utmb8a.pfb></usr/local/texlive/2024/texmf-d
ist/fonts/type1/urw/times/utmr8a.pfb></usr/local/texlive/2024/texmf-dist/fonts/
type1/urw/times/utmr8a.pfb></usr/local/texlive/2024/texmf-dist/fonts/type1/urw/
times/utmri8a.pfb>
Output written on Rd2.pdf (141 pages, 385100 bytes).
Transcript written on Rd2.log.
Error in texi2dvi(file = file, pdf = TRUE, clean = clean, quiet = quiet,  : 
  unable to run pdflatex on 'Rd2.tex'
LaTeX errors:
! LaTeX Error: Unicode character − (U+2212)
               not set up for use with LaTeX.

See the LaTeX manual or LaTeX Companion for explanation.
Type  H <return>  for immediate help.
This is pdfTeX, Version 3.141592653-2.6-1.40.26 (TeX Live 2024) (preloaded format=pdflatex)
 restricted \write18 enabled.
entering extended mode
(./Rd2.tex
LaTeX2e <2023-11-01> patch level 1
L3 programming layer <2024-02-20>

(/usr/local/texlive/2024/texmf-dist/tex/latex/base/book.cls
Document Class: book 2023/05/17 v1.4n Standard LaTeX document class
(/usr/local/texlive/2024/texmf-dist/tex/latex/base/bk10.clo))
(/Library/Frameworks/R.framework/Resources/share/texmf/tex/latex/Rd.sty
(/usr/local/texlive/2024/texmf-dist/tex/latex/base/ifthen.sty)
(/usr/local/texlive/2024/texmf-dist/tex/generic/iftex/iftex.sty)
(/usr/local/texlive/2024/texmf-dist/tex/latex/tools/longtable.sty)
(/usr/local/texlive/2024/texmf-dist/tex/latex/tools/bm.sty)
(/usr/local/texlive/2024/texmf-dist/tex/latex/base/alltt.sty)
(/usr/local/texlive/2024/texmf-dist/tex/latex/tools/verbatim.sty)
(/usr/local/texlive/2024/texmf-dist/tex/latex/url/url.sty)
(/usr/local/texlive/2024/texmf-dist/tex/latex/base/textcomp.sty)
(/usr/local/texlive/2024/texmf-dist/tex/latex/amsmath/amsmath.sty
For additional information on amsmath, use the `?' option.
(/usr/local/texlive/2024/texmf-dist/tex/latex/amsmath/amstext.sty
(/usr/local/texlive/2024/texmf-dist/tex/latex/amsmath/amsgen.sty))
(/usr/local/texlive/2024/texmf-dist/tex/latex/amsmath/amsbsy.sty)
(/usr/local/texlive/2024/texmf-dist/tex/latex/amsmath/amsopn.sty))
(/usr/local/texlive/2024/texmf-dist/tex/latex/amsfonts/amsfonts.sty)
(/usr/local/texlive/2024/texmf-dist/tex/latex/amsfonts/amssymb.sty)
(/usr/local/texlive/2024/texmf-dist/tex/latex/jknapltx/mathrsfs.sty)
(/usr/local/texlive/2024/texmf-dist/tex/latex/base/fontenc.sty)
(/usr/local/texlive/2024/texmf-dist/tex/latex/psnfss/times.sty)
(/usr/local/texlive/2024/texmf-dist/tex/latex/graphics/color.sty
(/usr/local/texlive/2024/texmf-dist/tex/latex/graphics-cfg/color.cfg)
(/usr/local/texlive/2024/texmf-dist/tex/latex/graphics-def/pdftex.def)
(/usr/local/texlive/2024/texmf-dist/tex/latex/graphics/mathcolor.ltx))
(/usr/local/texlive/2024/texmf-dist/tex/latex/hyperref/hyperref.sty
(/usr/local/texlive/2024/texmf-dist/tex/latex/graphics/keyval.sty)
(/usr/local/texlive/2024/texmf-dist/tex/latex/kvsetkeys/kvsetkeys.sty)
(/usr/local/texlive/2024/texmf-dist/tex/generic/kvdefinekeys/kvdefinekeys.sty)
(/usr/local/texlive/2024/texmf-dist/tex/generic/pdfescape/pdfescape.sty
(/usr/local/texlive/2024/texmf-dist/tex/generic/ltxcmds/ltxcmds.sty)
(/usr/local/texlive/2024/texmf-dist/tex/generic/pdftexcmds/pdftexcmds.sty
(/usr/local/texlive/2024/texmf-dist/tex/generic/infwarerr/infwarerr.sty)))
(/usr/local/texlive/2024/texmf-dist/tex/latex/hycolor/hycolor.sty)
(/usr/local/texlive/2024/texmf-dist/tex/latex/auxhook/auxhook.sty)
(/usr/local/texlive/2024/texmf-dist/tex/latex/hyperref/nameref.sty
(/usr/local/texlive/2024/texmf-dist/tex/latex/refcount/refcount.sty)
(/usr/local/texlive/2024/texmf-dist/tex/generic/gettitlestring/gettitlestring.s
ty (/usr/local/texlive/2024/texmf-dist/tex/latex/kvoptions/kvoptions.sty)))
(/usr/local/texlive/2024/texmf-dist/tex/latex/etoolbox/etoolbox.sty)
(/usr/local/texlive/2024/texmf-dist/tex/latex/hyperref/pd1enc.def)
(/usr/local/texlive/2024/texmf-dist/tex/generic/intcalc/intcalc.sty)
(/usr/local/texlive/2024/texmf-dist/tex/latex/hyperref/puenc.def)
(/usr/local/texlive/2024/texmf-dist/tex/generic/bitset/bitset.sty
(/usr/local/texlive/2024/texmf-dist/tex/generic/bigintcalc/bigintcalc.sty))
(/usr/local/texlive/2024/texmf-dist/tex/latex/base/atbegshi-ltx.sty))
(/usr/local/texlive/2024/texmf-dist/tex/latex/hyperref/hpdftex.def
(/usr/local/texlive/2024/texmf-dist/tex/latex/base/atveryend-ltx.sty)
(/usr/local/texlive/2024/texmf-dist/tex/latex/rerunfilecheck/rerunfilecheck.sty

(/usr/local/texlive/2024/texmf-dist/tex/generic/uniquecounter/uniquecounter.sty
)))) (/usr/local/texlive/2024/texmf-dist/tex/latex/psnfss/t1ptm.fd)
(/usr/local/texlive/2024/texmf-dist/tex/latex/l3backend/l3backend-pdftex.def)
(./Rd2.aux)
(/usr/local/texlive/2024/texmf-dist/tex/context/base/mkii/supp-pdf.mkii
[Loading MPS to PDF converter (version 2006.09.02).]
) (./Rd2.out) (./Rd2.out)
(/usr/local/texlive/2024/texmf-dist/tex/latex/psnfss/t1pcr.fd)
(/usr/local/texlive/2024/texmf-dist/tex/latex/amsfonts/umsa.fd)
(/usr/local/texlive/2024/texmf-dist/tex/latex/amsfonts/umsb.fd)
(/usr/local/texlive/2024/texmf-dist/tex/latex/jknapltx/ursfs.fd) (./Rd2.toc
[1{/usr/local/texlive/2024/texmf-var/fonts/map/pdftex/updmap/pdftex.map}{/usr/l
ocal/texlive/2024/texmf-dist/fonts/enc/dvips/base/8r.enc}] [2] [3])
Overfull \hbox (39.86752pt too wide) in paragraph at lines 80--81
[]\T1/ptm/m/n/10 Character vec-tor of all ex-po-sure names (e.g. c("aaron_antag
onism", "aaron_disinhibition",
[4]
Overfull \hbox (96.78088pt too wide) in paragraph at lines 107--107
 []  \T1/pcr/m/n/10 not_lost[t] = 1 if rowSums(!is.na(needed_exposures)) == len
gth(needed_exposures)[] 
[5]
Overfull \hbox (112.38031pt too wide) in paragraph at lines 150--150
 []\T1/pcr/m/n/9 log_mean <- 1.098612 # true mean is 2. We add + 1 to the log t
o handle zero: log(2+1) = log(3) 

Overfull \hbox (58.38037pt too wide) in paragraph at lines 188--188
 []\T1/pcr/m/n/9 original_value <- back_transform_log_z(z_scores = 1.2, log_mea
n = 1.5, log_sd = 0.5)[] 
[6]
Overfull \hbox (90.78033pt too wide) in paragraph at lines 193--193
 []\T1/pcr/m/n/9 original_values <- back_transform_log_z(z_scores = z_scores, l
og_mean = 1.5, log_sd = 0.5)[] 

Overfull \hbox (69.18036pt too wide) in paragraph at lines 217--217
 []\T1/pcr/m/n/9 # Create a data frame to display the relationship between z-sc
ores and original values[] 

Overfull \hbox (69.18036pt too wide) in paragraph at lines 222--222
 []\T1/pcr/m/n/9 print(results_df) # Shows what values on the original scale co
rrespond to each z-score[] 
[7]
Overfull \hbox (4.38043pt too wide) in paragraph at lines 263--263
 []\T1/pcr/m/n/9 original_values <- back_transform_zscore(z = z_scores, mean = 
50, sd = 10)[] 
[8] [9] (/usr/local/texlive/2024/texmf-dist/tex/latex/psnfss/ts1pcr.fd)
Overfull \hbox (96.18033pt too wide) in paragraph at lines 412--412
 []\T1/pcr/m/n/9 # Assume that df is your dataset with variables \TS1/pcr/m/n/9
 '\T1/pcr/m/n/9 outcome\TS1/pcr/m/n/9 '\T1/pcr/m/n/9 , \TS1/pcr/m/n/9 '\T1/pcr/
m/n/9 treatment\TS1/pcr/m/n/9 '\T1/pcr/m/n/9 , \TS1/pcr/m/n/9 '\T1/pcr/m/n/9 ag
e\TS1/pcr/m/n/9 '\T1/pcr/m/n/9 , and \TS1/pcr/m/n/9 '\T1/pcr/m/n/9 gender\TS1/p
cr/m/n/9 ' 

Overfull \hbox (9.78043pt too wide) in paragraph at lines 413--413
 []\T1/pcr/m/n/9 result <- causal_contrast_marginal(df = df, Y = "outcome", X =
 "treatment",[] 

Overfull \hbox (15.18042pt too wide) in paragraph at lines 415--415
 []                                   \T1/pcr/m/n/9 treat_0 = "control", treat_
1 = "exposed",[] 

Overfull \hbox (25.98041pt too wide) in paragraph at lines 416--416
 []                                   \T1/pcr/m/n/9 estimand = "ATE", type = "R
D", nsims = 100,[] 

Overfull \hbox (90.78033pt too wide) in paragraph at lines 417--417
 []                                   \T1/pcr/m/n/9 cores = 2, family = "gaussi
an", weights = "weight_var",[] 
[10] [11]
Overfull \hbox (6.03642pt too wide) in paragraph at lines 499--501
[]\T1/ptm/m/n/10 `r life-cy-cle::badge("deprecated")` This func-tion is dep-re-
cated. Please use `mar-got_plot_categorical()`
[12] [13] (/usr/local/texlive/2024/texmf-dist/tex/latex/base/t1cmtt.fd)
(/usr/local/texlive/2024/texmf-dist/tex/latex/base/ts1cmtt.fd) [14{/usr/local/t
exlive/2024/texmf-dist/fonts/enc/dvips/cm-super/cm-super-ts1.enc}]
Overfull \hbox (52.98038pt too wide) in paragraph at lines 695--695
 []\T1/pcr/m/n/9 # Assuming df_nz is your dataframe and it includes a numeric v
ariable \TS1/pcr/m/n/9 '\T1/pcr/m/n/9 forgiveness\TS1/pcr/m/n/9 '[] 
[15] [16]
Overfull \hbox (26.02667pt too wide) in paragraph at lines 758--761
\T1/ptm/m/n/10 Please use `com-pute_qini_curves_binary()` for bi-nary treat-men
ts and `com-pute_qini_curves_multi_arm()`

Overfull \hbox (21.24992pt too wide) in paragraph at lines 786--788
[][][]\T1/pcr/m/n/10 compute_qini_curves_binary[][] []\T1/ptm/m/n/10 for bi-nar
y treat-ments [][][]\T1/pcr/m/n/10 compute_qini_curves_multi_arm[][]
[17] [18] [19]
Overfull \hbox (31.3804pt too wide) in paragraph at lines 914--914
 []\T1/pcr/m/n/9 transition_matrix <- create_transition_matrix(df, "religion_be
lieve_god", "id")[] 
[20] [21] [22]
Overfull \hbox (6.78088pt too wide) in paragraph at lines 1104--1104
 []\T1/pcr/m/n/10 extract_qini_data_binary(qini_obj, name, max_index, verbose =
 TRUE) 
[23]
Overfull \hbox (96.78088pt too wide) in paragraph at lines 1151--1151
 []  \T1/pcr/m/n/10 order = c("alphabetical", "magnitude_desc", "magnitude_asc"
, "evaluebound_desc",[] 

Overfull \hbox (96.78088pt too wide) in paragraph at lines 1159--1159
 []  \T1/pcr/m/n/10 order = c("alphabetical", "magnitude_desc", "magnitude_asc"
, "evaluebound_desc",[] 
(/usr/local/texlive/2024/texmf-dist/tex/latex/psnfss/ts1ptm.fd)
Overfull \hbox (3.7176pt too wide) in paragraph at lines 1178--1179
[]\T1/ptm/m/n/10 'magnitude_desc': sort by ab-so-lute ef-fect size, de-scend-in
g (de-fault for 'mag-
[24]
Overfull \hbox (74.58035pt too wide) in paragraph at lines 1248--1248
 []\T1/pcr/m/n/9 result_df <- group_tab(df = analysis_df, order = \TS1/pcr/m/n/
9 '\T1/pcr/m/n/9 custom\TS1/pcr/m/n/9 '\T1/pcr/m/n/9 , custom_order = custom_or
der)[] 
[25]
Overfull \hbox (74.58035pt too wide) in paragraph at lines 1264--1264
 []\T1/pcr/m/n/9 result_df <- group_tab(df = analysis_df, order = \TS1/pcr/m/n/
9 '\T1/pcr/m/n/9 custom\TS1/pcr/m/n/9 '\T1/pcr/m/n/9 , custom_order = custom_or
der)[] 

Overfull \hbox (31.3804pt too wide) in paragraph at lines 1304--1304
 []\T1/pcr/m/n/9 # and you have previously saved an RDS file named "my_df.rds" 
in that directory[] 
[26] [27]
Overfull \hbox (57.02808pt too wide) in paragraph at lines 1378--1378
 []\T1/pcr/m/n/9 # and you have previously saved a \TS1/cmtt/m/n/9 `\T1/pcr/m/n
/9 .qs\TS1/cmtt/m/n/9 ` \T1/pcr/m/n/9 file named "my_dataset.qs" in that direct
ory[] 

Overfull \hbox (15.18042pt too wide) in paragraph at lines 1382--1382
 []\T1/pcr/m/n/9 my_df <- here_read_qs("my_dataset", dir_path = "~/custom_dir",
 nthreads = 4)[] 

Overfull \hbox (12.78088pt too wide) in paragraph at lines 1395--1395
 []\T1/pcr/m/n/10 here_save(df, name, dir_path = NULL, compress = TRUE, quiet =
 FALSE) 
[28] [29] [30]
Overfull \hbox (72.78088pt too wide) in paragraph at lines 1522--1522
 []  \T1/pcr/m/n/10 exclude_vars = c("t0_sample_frame", "id", "t0_sample_origin
_names_combined")[] 
[31]
Overfull \hbox (111.02802pt too wide) in paragraph at lines 1590--1590
 []\T1/pcr/m/n/9 # Assuming \TS1/pcr/m/n/9 '\T1/pcr/m/n/9 tab_contrast_hours_ch
arity_z_null\TS1/pcr/m/n/9 ' \T1/pcr/m/n/9 is a data frame output from \TS1/cmt
t/m/n/9 `\T1/pcr/m/n/9 margot_lmtp_tab()\TS1/cmtt/m/n/9 `[] 
[32]
Overfull \hbox (15.18042pt too wide) in paragraph at lines 1673--1673
 []\T1/pcr/m/n/9 amelia_output <- amelia(x = africa, m = 5, idvars = "country")
 # impute data[] 
[33] [34] [35] [36]
Overfull \hbox (63.77576pt too wide) in paragraph at lines 1850--1850
 []  \T1/pcr/m/n/10 col_renames = list(\TS1/cmtt/m/n/10 `\T1/pcr/m/n/10 E-Value
\TS1/cmtt/m/n/10 ` \T1/pcr/m/n/10 = "E_Value", \TS1/cmtt/m/n/10 `\T1/pcr/m/n/10
 E-Value bound\TS1/cmtt/m/n/10 ` \T1/pcr/m/n/10 = "E_Val_bound"),[] 

Overfull \hbox (72.78088pt too wide) in paragraph at lines 1853--1853
 []  \T1/pcr/m/n/10 kbl_args = list(booktabs = TRUE, caption = "Combined Result
s", align = NULL)[] 
[37] [38] [39]

! LaTeX Error: Unicode character − (U+2212)
               not set up for use with LaTeX.

See the LaTeX manual or LaTeX Companion for explanation.
Type  H <return>  for immediate help.
 ...                                              
                                                  
l.2016 ...arallel workers (default = all cores −
                                                   1).

Overfull \hbox (15.40674pt too wide) in paragraph at lines 2029--2036
\T1/ptm/m/n/10 e[]value ta-ble across out-comes * `out-come_vars` ^^U vec-tor o
f (suc-cess-ful) out-come names * `not_missing`
[40] [41] [42]
Overfull \hbox (4.89738pt too wide) in paragraph at lines 2194--2195
[]\T1/ptm/m/n/10 A char-ac-ter string spec-i-fy-ing the col-umn in-di-cat-ing t
he wave. De-fault is []\T1/pcr/m/n/10 "wave"[]\T1/ptm/m/n/10 . 
[43] [44] [45]
Overfull \hbox (23.46721pt too wide) in paragraph at lines 2373--2374
[]\T1/ptm/m/n/10 character. the name of the vari-able in-di-cat-ing re-la-tion-
ship dyad (de-fault: "rel_num_l"). 
[46] [47] [48]
Overfull \hbox (22.29695pt too wide) in paragraph at lines 2557--2559
[]\T1/ptm/m/n/10 Helper to map a vec-tor of vari-able names to human-readable l
a-bels. Falls back on `trans-form_var_name()`
[49] [50] [51]
Overfull \hbox (17.37793pt too wide) in paragraph at lines 2663--2665
[]\T1/ptm/m/n/10 list re-turned by `mar-got_causal_forest()` **with** `save_mod
els = TRUE, save_data

Overfull \hbox (14.96619pt too wide) in paragraph at lines 2687--2691
[]\T1/ptm/m/n/10 helper that as-sem-bles a con-cise markdown[]style in-ter-pre-
ta-tion of the re-sults. when `in-clude_adjust_note

Overfull \hbox (96.78088pt too wide) in paragraph at lines 2698--2698
 []  \T1/pcr/m/n/10 order = c("alphabetical", "magnitude_desc", "magnitude_asc"
, "evaluebound_desc",[] 
[52] [53] [54] [55]
Overfull \hbox (44.52681pt too wide) in paragraph at lines 2918--2930
\T1/ptm/m/n/10 not_excluded_autoc_model_names: AU-TOC mod-els not re-li-ably ne
g-a-tive * not_excluded_qini_model_names:
[56] [57]
Overfull \hbox (25.98041pt too wide) in paragraph at lines 2992--2992
 []\T1/pcr/m/n/9 result <- margot_interpret_table(group_tab_output, "causal_dif
ference", "ATE")[] 
[58]
Overfull \hbox (123.1803pt too wide) in paragraph at lines 3080--3080
 []\T1/pcr/m/n/9 # Assume we have a dataset \TS1/pcr/m/n/9 '\T1/pcr/m/n/9 my_da
ta\TS1/pcr/m/n/9 ' \T1/pcr/m/n/9 with variables \TS1/pcr/m/n/9 '\T1/pcr/m/n/9 o
utcome\TS1/pcr/m/n/9 '\T1/pcr/m/n/9 , \TS1/pcr/m/n/9 '\T1/pcr/m/n/9 treatment\T
S1/pcr/m/n/9 '\T1/pcr/m/n/9 , and some confounders[] 
[59] [60]
Overfull \hbox (0.78088pt too wide) in paragraph at lines 3183--3183
 []\T1/pcr/m/n/10 margot_lmtp_tab(lmtp_output, scale = c("RD", "RR"), new_name 
= "") 
[61]
Overfull \hbox (22.94727pt too wide) in paragraph at lines 3226--3227
[]\T1/ptm/m/n/10 a char-ac-ter vec-tor of vari-able names or a tidys-e-lect hel
per (e.g., starts_with("hours_")). 
[62]
Overfull \hbox (49.21004pt too wide) in paragraph at lines 3283--3284
[]\T1/ptm/m/n/10 For []\T1/pcr/m/n/10 format = "latex"[]\T1/ptm/m/n/10 , these 
are passed to []\T1/pcr/m/n/10 kableExtra::kable_styling()[]\T1/ptm/m/n/10 . 
[63]
Overfull \hbox (55.08574pt too wide) in paragraph at lines 3340--3344
[]\T1/ptm/m/n/10 This func-tion cre-ates a sum-mary ta-ble from the out-put of 
var-i-ous causal mod-els, in-clud-ing `lmtp::lmtp_contrast()`,
[64] [65]
Overfull \hbox (39.4758pt too wide) in paragraph at lines 3467--3467
 []\T1/pcr/m/n/9 # Assuming \TS1/cmtt/m/n/9 `\T1/pcr/m/n/9 contrast_hours_chari
ty_z_null\TS1/cmtt/m/n/9 ` \T1/pcr/m/n/9 is output from \TS1/cmtt/m/n/9 `\T1/pc
r/m/n/9 lmtp::lmtp_contrast()\TS1/cmtt/m/n/9 `[] 
[66] [67]
Overfull \hbox (96.78088pt too wide) in paragraph at lines 3600--3600
 []  \T1/pcr/m/n/10 order = c("alphabetical", "magnitude_desc", "magnitude_asc"
, "evaluebound_desc",[] 
[68]
Overfull \hbox (63.77576pt too wide) in paragraph at lines 3620--3620
 []  \T1/pcr/m/n/10 col_renames = list(\TS1/cmtt/m/n/10 `\T1/pcr/m/n/10 E-Value
\TS1/cmtt/m/n/10 ` \T1/pcr/m/n/10 = "E_Value", \TS1/cmtt/m/n/10 `\T1/pcr/m/n/10
 E-Value bound\TS1/cmtt/m/n/10 ` \T1/pcr/m/n/10 = "E_Val_bound"),[] 
[69] [70] [71] [72] [73]
Overfull \hbox (6.88702pt too wide) in paragraph at lines 3908--3909
[]\T1/ptm/m/n/10 logical, whether to in-clude times-tamp in plot ti-tle and fil
e-name (de-fault is FALSE). 
[74] [75] [76]
Overfull \hbox (3.03722pt too wide) in paragraph at lines 4087--4088
[]\T1/ptm/m/n/10 Character string. The ti-tle for the plot. If NULL, uses the t
i-tle from base_defaults. 
[77]
Overfull \hbox (117.7803pt too wide) in paragraph at lines 4139--4139
 []    \T1/pcr/m/n/9 "t2_trust_science_our_society_places_too_much_emphasis_rev
ersed_z" = "Science Overemphasis"[] 
[78] [79] [80] [81]
Overfull \hbox (36.78088pt too wide) in paragraph at lines 4392--4392
 []\T1/pcr/m/n/10 margot_plot_exposure(data, name_exposure, exposure_waves, bas
eline_wave) 

Overfull \hbox (2.31645pt too wide) in paragraph at lines 4415--4417
[]\T1/ptm/m/n/10 `r life-cy-cle::badge("deprecated")` This func-tion is dep-re-
cated. Please use `mar-got_plot_histogram()`
[82] [83]
Overfull \hbox (20.58041pt too wide) in paragraph at lines 4512--4512
 []\T1/pcr/m/n/9 coloured_histogram_quantiles(df, "value", custom_breaks = c(-2
, -1, 0, 1, 2))[] 
[84] [85] [86] [87]
Overfull \hbox (0.72812pt too wide) in paragraph at lines 4695--4696
[]\T1/ptm/m/n/10 The num-ber of ran-dom in-di-vid-u-als to plot. If spec-i-fied
, over-rides `data_fraction`. 
[88] [89]
Overfull \hbox (3.64764pt too wide) in paragraph at lines 4805--4806
[]\T1/ptm/m/n/10 A char-ac-ter string spec-i-fy-ing the con-trast to be used (e
.g. `"(5.0,7.0] - [1.0,3.0]"`). 

Overfull \hbox (12.14774pt too wide) in paragraph at lines 4817--4818
[]\T1/ptm/m/n/10 Character string. The base name for the saved file. De-fault i
s "mar-got_plot_output". 
[90] [91]
Overfull \hbox (30.78088pt too wide) in paragraph at lines 4950--4950
 []  \T1/pcr/m/n/10 label_options = list(remove_tx_prefix = TRUE, remove_z_suff
ix = TRUE,[] 
[92]
Overfull \hbox (66.05681pt too wide) in paragraph at lines 4993--4997
\T1/ptm/m/n/10 the split point. * **Depth 2** ^^U the ex-ist-ing two-panel scat
ter-plot (hand-off to `mar-got_plot_policy_tree_depth2()`). 

Overfull \hbox (75.09593pt too wide) in paragraph at lines 5005--5008
[]\T1/ptm/m/n/10 This func-tion cre-ates a gg-plot ob-ject dis-play-ing Qini cu
rves based on the re-sults of a mar-got_multi_arm_causal_forest()
[93]
Overfull \hbox (96.18033pt too wide) in paragraph at lines 5059--5059
 []\T1/pcr/m/n/9 plot_qini_curves(mc.test, "model_t2_env_not_env_efficacy_z", l
abel_mapping = label_mapping)[] 
[94] [95] [96] [97] [98]
Overfull \hbox (52.98038pt too wide) in paragraph at lines 5314--5314
 []  \T1/pcr/m/n/9 x_label = paste("NZAVS years",  min(prepared_data$df_timelin
e$day, na.rm = TRUE),[] 
[99] [100] [101] [102]
Overfull \hbox (9.78043pt too wide) in paragraph at lines 5549--5549
 []  \T1/pcr/m/n/9 color_palette = c("#1f77b4", "#ff7f0e", "#2ca02c", "#d62728"
, "#9467bd"),[] 
[103] [104] [105]
Overfull \hbox (90.78033pt too wide) in paragraph at lines 5726--5726
 []\T1/pcr/m/n/9 label_mapping <- list("var1" = "Variable 1", "var2" = "Variabl
e 2", "var3" = "Variable 3")[] 
[106] [107]
Overfull \hbox (90.78033pt too wide) in paragraph at lines 5837--5837
 []\T1/pcr/m/n/9 label_mapping <- list("var1" = "Variable 1", "var2" = "Variabl
e 2", "var3" = "Variable 3")[] 
[108] [109] [110] [111]
Overfull \hbox (96.78088pt too wide) in paragraph at lines 6047--6047
 []  \T1/pcr/m/n/10 output_objects = c("policy_tree", "decision_tree", "combine
d_plot", "qini_plot",[] 

Overfull \hbox (2.40797pt too wide) in paragraph at lines 6073--6074
[]\T1/ptm/m/n/10 Numeric vec-tor of spend lev-els for difference-gain sum-marie
s. De-fault: []\T1/pcr/m/n/10 c(0.2,

Overfull \hbox (0.44737pt too wide) in paragraph at lines 6081--6084
\T1/ptm/m/n/10 "de-ci-sion_tree", "com-bined_plot", "qini_plot", "diff_gain_sum
maries". De-fault:
[112]
Overfull \hbox (78.78088pt too wide) in paragraph at lines 6102--6102
 []\T1/pcr/m/n/10 margot_process_binary_vars(data, exceptions = character(0), s
uffix = "_binary") 
[113] [114] [115]
Overfull \hbox (9.71718pt too wide) in paragraph at lines 6286--6287
[]\T1/ptm/m/n/10 A char-ac-ter vec-tor spec-i-fy-ing the names of the base-line
 co-vari-ates in df_propensity. 
[116] [117] [118] [119] [120]
Overfull \hbox (9.78043pt too wide) in paragraph at lines 6585--6585
 []\T1/pcr/m/n/9 label_mapping_all <- mark_reversed_labels(label_mapping_all, f
lip_outcomes)[] 
[121]
Overfull \hbox (6.10666pt too wide) in paragraph at lines 6651--6654
\T1/ptm/m/n/10 doesn't ex-ist, it will be cre-ated. The fi-nal file-name will b
e con-structed as: `pre-fix_base_filename.png`. 
[122]
Overfull \hbox (4.38043pt too wide) in paragraph at lines 6686--6686
 []\T1/pcr/m/n/9 margot_save_png(plot_result, prefix = "study1", base_filename 
= "scatter")[] 

Overfull \hbox (4.38043pt too wide) in paragraph at lines 6690--6690
 []\T1/pcr/m/n/9 margot_save_png(plot_result, prefix = "study1", base_filename 
= "scatter")[] 

Overfull \hbox (20.58041pt too wide) in paragraph at lines 6693--6693
 []\T1/pcr/m/n/9 plot_list <- list(plot = ggplot(mtcars, aes(x = mpg, y = wt)) 
+ geom_point())[] 
[123] [124] [125] [126]
Overfull \hbox (47.58038pt too wide) in paragraph at lines 6935--6935
 []\T1/pcr/m/n/9 complex_condition <- X[, "t0_political_conservative_z"] > 1 & 
X[, "t0_age_z"] > -2[] 
[127]
Overfull \hbox (42.18039pt too wide) in paragraph at lines 6939--6939
 []  \T1/pcr/m/n/9 subset_description = "Conservative (>1 SD) and not very youn
g (>-2 SD in age)",[] 

Overfull \hbox (9.00735pt too wide) in paragraph at lines 6976--6977
[]\T1/ptm/m/n/10 A char-ac-ter string spec-i-fy-ing the name of the com-par-i-s
on Qini curve (e.g., "arm2"). 
[128]
Overfull \hbox (20.58041pt too wide) in paragraph at lines 7003--7003
 []\T1/pcr/m/n/9 glue::glue("The difference in gains is {result$diff_gain}. {re
sult$summary}")[] 
[129] [130] [131]
Overfull \hbox (63.78036pt too wide) in paragraph at lines 7186--7186
 []\T1/pcr/m/n/9 w_up95 <- margot_trim_sample_weights(w, lower_quantile = NULL,
 upper_quantile = 0.95)[] 

Overfull \hbox (63.78036pt too wide) in paragraph at lines 7190--7190
 []\T1/pcr/m/n/9 w_low5 <- margot_trim_sample_weights(w, lower_quantile = 0.05,
 upper_quantile = NULL)[] 

Overfull \hbox (58.38037pt too wide) in paragraph at lines 7194--7194
 []\T1/pcr/m/n/9 w_std <- margot_trim_sample_weights(w, lower_quantile = NULL, 
upper_quantile = NULL)[] 

Overfull \hbox (66.78088pt too wide) in paragraph at lines 7208--7208
 []\T1/pcr/m/n/10 margot_wide_impute_baseline(.data, baseline_vars, exposure_va
r, outcome_vars) 
[132] [133] [134]
Overfull \hbox (63.78036pt too wide) in paragraph at lines 7363--7363
 []\T1/pcr/m/n/9 prepared_data <- prepare_panel_data(dat, wave_col = "Wave", ts
core_col = "TimeScore",[] 

Overfull \hbox (74.58035pt too wide) in paragraph at lines 7364--7364
 []                                    \T1/pcr/m/n/9 id_col = "ParticipantID", 
base_date = "2010-01-01",[] 
[135] [136]
Overfull \hbox (3.10735pt too wide) in paragraph at lines 7431--7432
[]\T1/ptm/m/n/10 A fam-ily ob-ject or a char-ac-ter string nam-ing the fam-ily 
(de-fault is []\T1/pcr/m/n/10 gaussian()[]\T1/ptm/m/n/10 ,

Overfull \hbox (57.02808pt too wide) in paragraph at lines 7446--7446
 []\T1/pcr/m/n/9 # using \TS1/cmtt/m/n/9 `\T1/pcr/m/n/9 df_nz\TS1/cmtt/m/n/9 ` 
\T1/pcr/m/n/9 is your data frame with "income" as the continuous outcome variab
le,[] 

Overfull \hbox (160.98026pt too wide) in paragraph at lines 7451--7451
 []\T1/pcr/m/n/9 model <- regress_with_covariates(df_nz, outcome_var, exposure_
var, baseline_vars, family =  gaussian())[] 
[137] [138]
Overfull \hbox (96.18033pt too wide) in paragraph at lines 7542--7542
 []\T1/pcr/m/n/9 final_columns <- select_and_rename_cols(names_base, baseline_v
ars, outcome_var, "t2", "t0")[] 

Overfull \hbox (39.86752pt too wide) in paragraph at lines 7578--7579
[]\T1/ptm/m/n/10 Character vec-tor of all ex-po-sure names (e.g. c("aaron_antag
onism", "aaron_disinhibition",
[139] [140]
Overfull \hbox (58.38037pt too wide) in paragraph at lines 7656--7656
 []                                         \T1/pcr/m/n/9 type = "RD")  # Corre
cted \TS1/pcr/m/n/9 '\T1/pcr/m/n/9 scale\TS1/pcr/m/n/9 ' \T1/pcr/m/n/9 to \TS1/
pcr/m/n/9 '\T1/pcr/m/n/9 type\TS1/pcr/m/n/9 '[] 
[141] [142]
Overfull \hbox (31.3804pt too wide) in paragraph at lines 7768--7768
 []\T1/pcr/m/n/9 transition_matrix <- create_transition_matrix(df, "religion_be
lieve_god", "id")[] 

Overfull \hbox (51.62808pt too wide) in paragraph at lines 7769--7769
 []\T1/pcr/m/n/9 # Assuming \TS1/cmtt/m/n/9 `\T1/pcr/m/n/9 transition_matrix\TS
1/cmtt/m/n/9 ` \T1/pcr/m/n/9 is a table with the transition counts between stat
es[] 

Overfull \hbox (50.27579pt too wide) in paragraph at lines 7770--7770
 []\T1/pcr/m/n/9 # First, convert \TS1/cmtt/m/n/9 `\T1/pcr/m/n/9 transition_mat
rix\TS1/cmtt/m/n/9 ` \T1/pcr/m/n/9 to a dataframe suitable for \TS1/cmtt/m/n/9 
`\T1/pcr/m/n/9 transition_table\TS1/cmtt/m/n/9 `[] 

Overfull \hbox (182.58023pt too wide) in paragraph at lines 7773--7773
 []\T1/pcr/m/n/9 long_df_transition <- tidyr::pivot_longer(df_transition, cols 
= -from, names_to = "to", values_to = "Freq")[] 

Package hyperref Warning: Glyph not defined in PU encoding,
(hyperref)                removing `\Rpercent' on input line 7783.


Package hyperref Warning: Glyph not defined in PU encoding,
(hyperref)                removing `\Rpercent' on input line 7783.

[143] (./Rd2.aux) )
(see the transcript file for additional information)
pdfTeX warning (dest): name{Rfn.margot.Rul.tab.Rul.lmtp} has been referenced bu
t does not exist, replaced by a fixed one


pdfTeX warning (dest): name{Rfn.compute.Rul.qini.Rul.curves.Rul.multi.Rul.arm} 
has been referenced but does not exist, replaced by a fixed one

</usr/local/texlive/2024/texmf-dist/fonts/type1/public/amsfonts/cm/cmex10.pfb><
/usr/local/texlive/2024/texmf-dist/fonts/type1/public/amsfonts/cm/cmmi10.pfb></
usr/local/texlive/2024/texmf-dist/fonts/type1/public/amsfonts/cm/cmr10.pfb></us
r/local/texlive/2024/texmf-dist/fonts/type1/public/amsfonts/cm/cmr7.pfb></usr/l
ocal/texlive/2024/texmf-dist/fonts/type1/public/amsfonts/cm/cmsy10.pfb></usr/lo
cal/texlive/2024/texmf-dist/fonts/type1/public/amsfonts/cm/cmsy7.pfb></usr/loca
l/texlive/2024/texmf-dist/fonts/type1/public/cm-super/sftt0900.pfb></usr/local/
texlive/2024/texmf-dist/fonts/type1/public/cm-super/sftt1000.pfb></usr/local/te
xlive/2024/texmf-dist/fonts/type1/urw/courier/ucrr8a.pfb></usr/local/texlive/20
24/texmf-dist/fonts/type1/urw/times/utmb8a.pfb></usr/local/texlive/2024/texmf-d
ist/fonts/type1/urw/times/utmr8a.pfb></usr/local/texlive/2024/texmf-dist/fonts/
type1/urw/times/utmr8a.pfb></usr/local/texlive/2024/texmf-dist/fonts/type1/urw/
times/utmri8a.pfb>
Output written on Rd2.pdf (143 pages, 400492 bytes).
Transcript written on Rd2.log.
Error in texi2dvi(file = file, pdf = TRUE, clean = clean, quiet = quiet,  : 
  unable to run pdflatex on 'Rd2.tex'
LaTeX errors:
! LaTeX Error: Unicode character − (U+2212)
               not set up for use with LaTeX.

See the LaTeX manual or LaTeX Companion for explanation.
Type  H <return>  for immediate help.
Error in running tools::texi2pdf()
You may want to clean up by 'rm -Rf /var/folders/q9/lkcn14l97mb6mkhbxsxrpr4w0000gn/T//Rtmp3JlDVe/Rd2pdf13acf19977fa'
